Analysis & Synthesis report for zad3
Tue Nov  5 15:59:40 2019
Quartus Prime Version 19.1.0 Build 670 09/22/2019 SJ Lite Edition


---------------------
; Table of Contents ;
---------------------
  1. Legal Notice
  2. Analysis & Synthesis Summary
  3. Analysis & Synthesis Settings
  4. Parallel Compilation
  5. Analysis & Synthesis Source Files Read
  6. Analysis & Synthesis Resource Usage Summary
  7. Analysis & Synthesis Resource Utilization by Entity
  8. General Register Statistics
  9. Multiplexer Restructuring Statistics (Restructuring Performed)
 10. Port Connectivity Checks: "_1_BCD_substractor:su3"
 11. Port Connectivity Checks: "_1_BCD_substractor:su2"
 12. Port Connectivity Checks: "_1_BCD_substractor:su0"
 13. Port Connectivity Checks: "_1_BCD_adder:a3"
 14. Port Connectivity Checks: "_1_BCD_adder:a2"
 15. Port Connectivity Checks: "_1_BCD_adder:a0"
 16. Post-Synthesis Netlist Statistics for Top Partition
 17. Elapsed Time Per Partition
 18. Analysis & Synthesis Messages



----------------
; Legal Notice ;
----------------
Copyright (C) 2019  Intel Corporation. All rights reserved.
Your use of Intel Corporation's design tools, logic functions 
and other software and tools, and any partner logic 
functions, and any output files from any of the foregoing 
(including device programming or simulation files), and any 
associated documentation or information are expressly subject 
to the terms and conditions of the Intel Program License 
Subscription Agreement, the Intel Quartus Prime License Agreement,
the Intel FPGA IP License Agreement, or other applicable license
agreement, including, without limitation, that your use is for
the sole purpose of programming logic devices manufactured by
Intel and sold by Intel or its authorized distributors.  Please
refer to the applicable agreement for further details, at
https://fpgasoftware.intel.com/eula.



+-------------------------------------------------------------------------------+
; Analysis & Synthesis Summary                                                  ;
+---------------------------------+---------------------------------------------+
; Analysis & Synthesis Status     ; Successful - Tue Nov  5 15:59:40 2019       ;
; Quartus Prime Version           ; 19.1.0 Build 670 09/22/2019 SJ Lite Edition ;
; Revision Name                   ; zad3                                        ;
; Top-level Entity Name           ; zad3                                        ;
; Family                          ; Cyclone V                                   ;
; Logic utilization (in ALMs)     ; N/A                                         ;
; Total registers                 ; 42                                          ;
; Total pins                      ; 60                                          ;
; Total virtual pins              ; 0                                           ;
; Total block memory bits         ; 0                                           ;
; Total DSP Blocks                ; 0                                           ;
; Total HSSI RX PCSs              ; 0                                           ;
; Total HSSI PMA RX Deserializers ; 0                                           ;
; Total HSSI TX PCSs              ; 0                                           ;
; Total HSSI PMA TX Serializers   ; 0                                           ;
; Total PLLs                      ; 0                                           ;
; Total DLLs                      ; 0                                           ;
+---------------------------------+---------------------------------------------+


+---------------------------------------------------------------------------------------------------------------------------+
; Analysis & Synthesis Settings                                                                                             ;
+---------------------------------------------------------------------------------+--------------------+--------------------+
; Option                                                                          ; Setting            ; Default Value      ;
+---------------------------------------------------------------------------------+--------------------+--------------------+
; Device                                                                          ; 5CSEMA5F31C6       ;                    ;
; Top-level entity name                                                           ; zad3               ; zad3               ;
; Family name                                                                     ; Cyclone V          ; Cyclone V          ;
; Use smart compilation                                                           ; Off                ; Off                ;
; Enable parallel Assembler and Timing Analyzer during compilation                ; On                 ; On                 ;
; Enable compact report table                                                     ; Off                ; Off                ;
; Restructure Multiplexers                                                        ; Auto               ; Auto               ;
; MLAB Add Timing Constraints For Mixed-Port Feed-Through Mode Setting Don't Care ; Off                ; Off                ;
; Create Debugging Nodes for IP Cores                                             ; Off                ; Off                ;
; Preserve fewer node names                                                       ; On                 ; On                 ;
; Intel FPGA IP Evaluation Mode                                                   ; Enable             ; Enable             ;
; Verilog Version                                                                 ; Verilog_2001       ; Verilog_2001       ;
; VHDL Version                                                                    ; VHDL_1993          ; VHDL_1993          ;
; State Machine Processing                                                        ; Auto               ; Auto               ;
; Safe State Machine                                                              ; Off                ; Off                ;
; Extract Verilog State Machines                                                  ; On                 ; On                 ;
; Extract VHDL State Machines                                                     ; On                 ; On                 ;
; Ignore Verilog initial constructs                                               ; Off                ; Off                ;
; Iteration limit for constant Verilog loops                                      ; 5000               ; 5000               ;
; Iteration limit for non-constant Verilog loops                                  ; 250                ; 250                ;
; Add Pass-Through Logic to Inferred RAMs                                         ; On                 ; On                 ;
; Infer RAMs from Raw Logic                                                       ; On                 ; On                 ;
; Parallel Synthesis                                                              ; On                 ; On                 ;
; DSP Block Balancing                                                             ; Auto               ; Auto               ;
; NOT Gate Push-Back                                                              ; On                 ; On                 ;
; Power-Up Don't Care                                                             ; On                 ; On                 ;
; Remove Redundant Logic Cells                                                    ; Off                ; Off                ;
; Remove Duplicate Registers                                                      ; On                 ; On                 ;
; Ignore CARRY Buffers                                                            ; Off                ; Off                ;
; Ignore CASCADE Buffers                                                          ; Off                ; Off                ;
; Ignore GLOBAL Buffers                                                           ; Off                ; Off                ;
; Ignore ROW GLOBAL Buffers                                                       ; Off                ; Off                ;
; Ignore LCELL Buffers                                                            ; Off                ; Off                ;
; Ignore SOFT Buffers                                                             ; On                 ; On                 ;
; Limit AHDL Integers to 32 Bits                                                  ; Off                ; Off                ;
; Optimization Technique                                                          ; Balanced           ; Balanced           ;
; Carry Chain Length                                                              ; 70                 ; 70                 ;
; Auto Carry Chains                                                               ; On                 ; On                 ;
; Auto Open-Drain Pins                                                            ; On                 ; On                 ;
; Perform WYSIWYG Primitive Resynthesis                                           ; Off                ; Off                ;
; Auto ROM Replacement                                                            ; On                 ; On                 ;
; Auto RAM Replacement                                                            ; On                 ; On                 ;
; Auto DSP Block Replacement                                                      ; On                 ; On                 ;
; Auto Shift Register Replacement                                                 ; Auto               ; Auto               ;
; Allow Shift Register Merging across Hierarchies                                 ; Auto               ; Auto               ;
; Auto Clock Enable Replacement                                                   ; On                 ; On                 ;
; Strict RAM Replacement                                                          ; Off                ; Off                ;
; Allow Synchronous Control Signals                                               ; On                 ; On                 ;
; Force Use of Synchronous Clear Signals                                          ; Off                ; Off                ;
; Auto Resource Sharing                                                           ; Off                ; Off                ;
; Allow Any RAM Size For Recognition                                              ; Off                ; Off                ;
; Allow Any ROM Size For Recognition                                              ; Off                ; Off                ;
; Allow Any Shift Register Size For Recognition                                   ; Off                ; Off                ;
; Use LogicLock Constraints during Resource Balancing                             ; On                 ; On                 ;
; Ignore translate_off and synthesis_off directives                               ; Off                ; Off                ;
; Timing-Driven Synthesis                                                         ; On                 ; On                 ;
; Report Parameter Settings                                                       ; On                 ; On                 ;
; Report Source Assignments                                                       ; On                 ; On                 ;
; Report Connectivity Checks                                                      ; On                 ; On                 ;
; Ignore Maximum Fan-Out Assignments                                              ; Off                ; Off                ;
; Synchronization Register Chain Length                                           ; 3                  ; 3                  ;
; Power Optimization During Synthesis                                             ; Normal compilation ; Normal compilation ;
; HDL message level                                                               ; Level2             ; Level2             ;
; Suppress Register Optimization Related Messages                                 ; Off                ; Off                ;
; Number of Removed Registers Reported in Synthesis Report                        ; 5000               ; 5000               ;
; Number of Swept Nodes Reported in Synthesis Report                              ; 5000               ; 5000               ;
; Number of Inverted Registers Reported in Synthesis Report                       ; 100                ; 100                ;
; Clock MUX Protection                                                            ; On                 ; On                 ;
; Auto Gated Clock Conversion                                                     ; Off                ; Off                ;
; Block Design Naming                                                             ; Auto               ; Auto               ;
; SDC constraint protection                                                       ; Off                ; Off                ;
; Synthesis Effort                                                                ; Auto               ; Auto               ;
; Shift Register Replacement - Allow Asynchronous Clear Signal                    ; On                 ; On                 ;
; Pre-Mapping Resynthesis Optimization                                            ; Off                ; Off                ;
; Analysis & Synthesis Message Level                                              ; Medium             ; Medium             ;
; Disable Register Merging Across Hierarchies                                     ; Auto               ; Auto               ;
; Resource Aware Inference For Block RAM                                          ; On                 ; On                 ;
; Automatic Parallel Synthesis                                                    ; On                 ; On                 ;
; Partial Reconfiguration Bitstream ID                                            ; Off                ; Off                ;
+---------------------------------------------------------------------------------+--------------------+--------------------+


+------------------------------------------+
; Parallel Compilation                     ;
+----------------------------+-------------+
; Processors                 ; Number      ;
+----------------------------+-------------+
; Number detected on machine ; 8           ;
; Maximum allowed            ; 4           ;
;                            ;             ;
; Average used               ; 1.00        ;
; Maximum used               ; 4           ;
;                            ;             ;
; Usage by Processor         ; % Time Used ;
;     Processor 1            ; 100.0%      ;
;     Processor 2            ;   0.0%      ;
;     Processors 3-4         ;   0.0%      ;
+----------------------------+-------------+


+--------------------------------------------------------------------------------------------------------------------------------------+
; Analysis & Synthesis Source Files Read                                                                                               ;
+----------------------------------+-----------------+------------------------+----------------------------------------------+---------+
; File Name with User-Entered Path ; Used in Netlist ; File Type              ; File Name with Absolute Path                 ; Library ;
+----------------------------------+-----------------+------------------------+----------------------------------------------+---------+
; ../zad2/BCD_thing.v              ; yes             ; User Verilog HDL File  ; /home/maciej/Pulpit/FPGA/l4/zad2/BCD_thing.v ;         ;
; zad3.v                           ; yes             ; User Verilog HDL File  ; /home/maciej/Pulpit/FPGA/l4/zad3/zad3.v      ;         ;
+----------------------------------+-----------------+------------------------+----------------------------------------------+---------+


+--------------------------------------------------------------+
; Analysis & Synthesis Resource Usage Summary                  ;
+---------------------------------------------+----------------+
; Resource                                    ; Usage          ;
+---------------------------------------------+----------------+
; Estimate of Logic utilization (ALMs needed) ; 71             ;
;                                             ;                ;
; Combinational ALUT usage for logic          ; 116            ;
;     -- 7 input functions                    ; 1              ;
;     -- 6 input functions                    ; 22             ;
;     -- 5 input functions                    ; 4              ;
;     -- 4 input functions                    ; 48             ;
;     -- <=3 input functions                  ; 41             ;
;                                             ;                ;
; Dedicated logic registers                   ; 42             ;
;                                             ;                ;
; I/O pins                                    ; 60             ;
;                                             ;                ;
; Total DSP Blocks                            ; 0              ;
;                                             ;                ;
; Maximum fan-out node                        ; CLOCK_50~input ;
; Maximum fan-out                             ; 42             ;
; Total fan-out                               ; 669            ;
; Average fan-out                             ; 2.41           ;
+---------------------------------------------+----------------+


+---------------------------------------------------------------------------------------------------------------------------------------------------------------------------------------------------------------------+
; Analysis & Synthesis Resource Utilization by Entity                                                                                                                                                                 ;
+-----------------------------+---------------------+---------------------------+-------------------+------------+------+--------------+------------------------------------------+--------------------+--------------+
; Compilation Hierarchy Node  ; Combinational ALUTs ; Dedicated Logic Registers ; Block Memory Bits ; DSP Blocks ; Pins ; Virtual Pins ; Full Hierarchy Name                      ; Entity Name        ; Library Name ;
+-----------------------------+---------------------+---------------------------+-------------------+------------+------+--------------+------------------------------------------+--------------------+--------------+
; |zad3                       ; 116 (10)            ; 42 (42)                   ; 0                 ; 0          ; 60   ; 0            ; |zad3                                    ; zad3               ; work         ;
;    |BCD_to_HEX_screen:s0|   ; 7 (7)               ; 0 (0)                     ; 0                 ; 0          ; 0    ; 0            ; |zad3|BCD_to_HEX_screen:s0               ; BCD_to_HEX_screen  ; work         ;
;    |BCD_to_HEX_screen:s1|   ; 7 (7)               ; 0 (0)                     ; 0                 ; 0          ; 0    ; 0            ; |zad3|BCD_to_HEX_screen:s1               ; BCD_to_HEX_screen  ; work         ;
;    |BCD_to_HEX_screen:s2|   ; 7 (7)               ; 0 (0)                     ; 0                 ; 0          ; 0    ; 0            ; |zad3|BCD_to_HEX_screen:s2               ; BCD_to_HEX_screen  ; work         ;
;    |BCD_to_HEX_screen:s3|   ; 7 (7)               ; 0 (0)                     ; 0                 ; 0          ; 0    ; 0            ; |zad3|BCD_to_HEX_screen:s3               ; BCD_to_HEX_screen  ; work         ;
;    |BCD_to_HEX_screen:s4|   ; 8 (8)               ; 0 (0)                     ; 0                 ; 0          ; 0    ; 0            ; |zad3|BCD_to_HEX_screen:s4               ; BCD_to_HEX_screen  ; work         ;
;    |BCD_to_HEX_screen:s5|   ; 7 (7)               ; 0 (0)                     ; 0                 ; 0          ; 0    ; 0            ; |zad3|BCD_to_HEX_screen:s5               ; BCD_to_HEX_screen  ; work         ;
;    |_1_BCD_adder:a0|        ; 5 (5)               ; 0 (0)                     ; 0                 ; 0          ; 0    ; 0            ; |zad3|_1_BCD_adder:a0                    ; _1_BCD_adder       ; work         ;
;    |_1_BCD_adder:a1|        ; 8 (8)               ; 0 (0)                     ; 0                 ; 0          ; 0    ; 0            ; |zad3|_1_BCD_adder:a1                    ; _1_BCD_adder       ; work         ;
;    |_1_BCD_adder:a2|        ; 3 (3)               ; 0 (0)                     ; 0                 ; 0          ; 0    ; 0            ; |zad3|_1_BCD_adder:a2                    ; _1_BCD_adder       ; work         ;
;    |_1_BCD_substractor:su0| ; 12 (11)             ; 0 (0)                     ; 0                 ; 0          ; 0    ; 0            ; |zad3|_1_BCD_substractor:su0             ; _1_BCD_substractor ; work         ;
;       |_9s_com:com|         ; 1 (1)               ; 0 (0)                     ; 0                 ; 0          ; 0    ; 0            ; |zad3|_1_BCD_substractor:su0|_9s_com:com ; _9s_com            ; work         ;
;    |_1_BCD_substractor:su1| ; 16 (15)             ; 0 (0)                     ; 0                 ; 0          ; 0    ; 0            ; |zad3|_1_BCD_substractor:su1             ; _1_BCD_substractor ; work         ;
;       |_9s_com:com|         ; 1 (1)               ; 0 (0)                     ; 0                 ; 0          ; 0    ; 0            ; |zad3|_1_BCD_substractor:su1|_9s_com:com ; _9s_com            ; work         ;
;    |_1_BCD_substractor:su2| ; 10 (10)             ; 0 (0)                     ; 0                 ; 0          ; 0    ; 0            ; |zad3|_1_BCD_substractor:su2             ; _1_BCD_substractor ; work         ;
;    |_1_BCD_substractor:su3| ; 9 (9)               ; 0 (0)                     ; 0                 ; 0          ; 0    ; 0            ; |zad3|_1_BCD_substractor:su3             ; _1_BCD_substractor ; work         ;
+-----------------------------+---------------------+---------------------------+-------------------+------------+------+--------------+------------------------------------------+--------------------+--------------+
Note: For table entries with two numbers listed, the numbers in parentheses indicate the number of resources of the given type used by the specific entity alone. The numbers listed outside of parentheses indicate the total resources of the given type used by the specific entity and all of its sub-entities in the hierarchy.


+------------------------------------------------------+
; General Register Statistics                          ;
+----------------------------------------------+-------+
; Statistic                                    ; Value ;
+----------------------------------------------+-------+
; Total registers                              ; 42    ;
; Number of registers using Synchronous Clear  ; 0     ;
; Number of registers using Synchronous Load   ; 0     ;
; Number of registers using Asynchronous Clear ; 16    ;
; Number of registers using Asynchronous Load  ; 0     ;
; Number of registers using Clock Enable       ; 14    ;
; Number of registers using Preset             ; 0     ;
+----------------------------------------------+-------+


+------------------------------------------------------------------------------------------------------------------------------------------+
; Multiplexer Restructuring Statistics (Restructuring Performed)                                                                           ;
+--------------------+-----------+---------------+----------------------+------------------------+------------+----------------------------+
; Multiplexer Inputs ; Bus Width ; Baseline Area ; Area if Restructured ; Saving if Restructured ; Registered ; Example Multiplexer Output ;
+--------------------+-----------+---------------+----------------------+------------------------+------------+----------------------------+
; 3:1                ; 4 bits    ; 8 LEs         ; 4 LEs                ; 4 LEs                  ; Yes        ; |zad3|accu[8]              ;
+--------------------+-----------+---------------+----------------------+------------------------+------------+----------------------------+


+----------------------------------------------------+
; Port Connectivity Checks: "_1_BCD_substractor:su3" ;
+-------+--------+----------+------------------------+
; Port  ; Type   ; Severity ; Details                ;
+-------+--------+----------+------------------------+
; c_out ; Output ; Info     ; Explicitly unconnected ;
; b     ; Input  ; Info     ; Explicitly unconnected ;
+-------+--------+----------+------------------------+


+----------------------------------------------------+
; Port Connectivity Checks: "_1_BCD_substractor:su2" ;
+------+-------+----------+--------------------------+
; Port ; Type  ; Severity ; Details                  ;
+------+-------+----------+--------------------------+
; b    ; Input ; Info     ; Explicitly unconnected   ;
+------+-------+----------+--------------------------+


+----------------------------------------------------+
; Port Connectivity Checks: "_1_BCD_substractor:su0" ;
+------+-------+----------+--------------------------+
; Port ; Type  ; Severity ; Details                  ;
+------+-------+----------+--------------------------+
; c_in ; Input ; Info     ; Stuck at VCC             ;
+------+-------+----------+--------------------------+


+----------------------------------------------------+
; Port Connectivity Checks: "_1_BCD_adder:a3"        ;
+-------+--------+----------+------------------------+
; Port  ; Type   ; Severity ; Details                ;
+-------+--------+----------+------------------------+
; c_out ; Output ; Info     ; Explicitly unconnected ;
; b     ; Input  ; Info     ; Explicitly unconnected ;
+-------+--------+----------+------------------------+


+--------------------------------------------------+
; Port Connectivity Checks: "_1_BCD_adder:a2"      ;
+------+-------+----------+------------------------+
; Port ; Type  ; Severity ; Details                ;
+------+-------+----------+------------------------+
; b    ; Input ; Info     ; Explicitly unconnected ;
+------+-------+----------+------------------------+


+---------------------------------------------+
; Port Connectivity Checks: "_1_BCD_adder:a0" ;
+------+-------+----------+-------------------+
; Port ; Type  ; Severity ; Details           ;
+------+-------+----------+-------------------+
; c_in ; Input ; Info     ; Stuck at GND      ;
+------+-------+----------+-------------------+


+-----------------------------------------------------+
; Post-Synthesis Netlist Statistics for Top Partition ;
+-----------------------+-----------------------------+
; Type                  ; Count                       ;
+-----------------------+-----------------------------+
; arriav_ff             ; 42                          ;
;     CLR               ; 2                           ;
;     ENA CLR           ; 14                          ;
;     plain             ; 26                          ;
; arriav_lcell_comb     ; 122                         ;
;     arith             ; 17                          ;
;         0 data inputs ; 3                           ;
;         2 data inputs ; 11                          ;
;         3 data inputs ; 1                           ;
;         4 data inputs ; 2                           ;
;     extend            ; 1                           ;
;         7 data inputs ; 1                           ;
;     normal            ; 99                          ;
;         1 data inputs ; 9                           ;
;         2 data inputs ; 7                           ;
;         3 data inputs ; 11                          ;
;         4 data inputs ; 46                          ;
;         5 data inputs ; 4                           ;
;         6 data inputs ; 22                          ;
;     shared            ; 5                           ;
;         0 data inputs ; 1                           ;
;         2 data inputs ; 3                           ;
;         3 data inputs ; 1                           ;
; boundary_port         ; 60                          ;
;                       ;                             ;
; Max LUT depth         ; 7.40                        ;
; Average LUT depth     ; 3.85                        ;
+-----------------------+-----------------------------+


+-------------------------------+
; Elapsed Time Per Partition    ;
+----------------+--------------+
; Partition Name ; Elapsed Time ;
+----------------+--------------+
; Top            ; 00:00:00     ;
+----------------+--------------+


+-------------------------------+
; Analysis & Synthesis Messages ;
+-------------------------------+
Info: *******************************************************************
Info: Running Quartus Prime Analysis & Synthesis
    Info: Version 19.1.0 Build 670 09/22/2019 SJ Lite Edition
    Info: Processing started: Tue Nov  5 15:59:32 2019
Info: Command: quartus_map --read_settings_files=on --write_settings_files=off zad3 -c zad3
Warning (18236): Number of processors has not been specified which may cause overloading on shared machines.  Set the global assignment NUM_PARALLEL_PROCESSORS in your QSF to an appropriate value for best performance.
Info (20030): Parallel compilation is enabled and will use 4 of the 4 processors detected
Info (12021): Found 6 design units, including 6 entities, in source file /home/maciej/Pulpit/FPGA/l4/zad2/BCD_thing.v
    Info (12023): Found entity 1: BCD_counter File: /home/maciej/Pulpit/FPGA/l4/zad2/BCD_thing.v Line: 1
    Info (12023): Found entity 2: BCD_timer File: /home/maciej/Pulpit/FPGA/l4/zad2/BCD_thing.v Line: 17
    Info (12023): Found entity 3: BCD_to_HEX_screen File: /home/maciej/Pulpit/FPGA/l4/zad2/BCD_thing.v Line: 27
    Info (12023): Found entity 4: _1_BCD_adder File: /home/maciej/Pulpit/FPGA/l4/zad2/BCD_thing.v Line: 44
    Info (12023): Found entity 5: _9s_com File: /home/maciej/Pulpit/FPGA/l4/zad2/BCD_thing.v Line: 52
    Info (12023): Found entity 6: _1_BCD_substractor File: /home/maciej/Pulpit/FPGA/l4/zad2/BCD_thing.v Line: 60
Info (12021): Found 1 design units, including 1 entities, in source file zad3.v
    Info (12023): Found entity 1: zad3 File: /home/maciej/Pulpit/FPGA/l4/zad3/zad3.v Line: 6
Warning (10236): Verilog HDL Implicit Net warning at BCD_thing.v(24): created implicit net for "z3" File: /home/maciej/Pulpit/FPGA/l4/zad2/BCD_thing.v Line: 24
Warning (10236): Verilog HDL Implicit Net warning at BCD_thing.v(46): created implicit net for "c_o" File: /home/maciej/Pulpit/FPGA/l4/zad2/BCD_thing.v Line: 46
Warning (10236): Verilog HDL Implicit Net warning at BCD_thing.v(63): created implicit net for "c_o" File: /home/maciej/Pulpit/FPGA/l4/zad2/BCD_thing.v Line: 63
Warning (10236): Verilog HDL Implicit Net warning at zad3.v(52): created implicit net for "carr_add1" File: /home/maciej/Pulpit/FPGA/l4/zad3/zad3.v Line: 52
Warning (10236): Verilog HDL Implicit Net warning at zad3.v(53): created implicit net for "carr_add2" File: /home/maciej/Pulpit/FPGA/l4/zad3/zad3.v Line: 53
Warning (10236): Verilog HDL Implicit Net warning at zad3.v(57): created implicit net for "carr_sub1" File: /home/maciej/Pulpit/FPGA/l4/zad3/zad3.v Line: 57
Warning (10236): Verilog HDL Implicit Net warning at zad3.v(58): created implicit net for "carr_sub2" File: /home/maciej/Pulpit/FPGA/l4/zad3/zad3.v Line: 58
Info (12127): Elaborating entity "zad3" for the top level hierarchy
Info (12128): Elaborating entity "_1_BCD_adder" for hierarchy "_1_BCD_adder:a0" File: /home/maciej/Pulpit/FPGA/l4/zad3/zad3.v Line: 51
Info (12128): Elaborating entity "_1_BCD_substractor" for hierarchy "_1_BCD_substractor:su0" File: /home/maciej/Pulpit/FPGA/l4/zad3/zad3.v Line: 56
Info (12128): Elaborating entity "_9s_com" for hierarchy "_1_BCD_substractor:su0|_9s_com:com" File: /home/maciej/Pulpit/FPGA/l4/zad2/BCD_thing.v Line: 62
Info (12128): Elaborating entity "BCD_to_HEX_screen" for hierarchy "BCD_to_HEX_screen:s0" File: /home/maciej/Pulpit/FPGA/l4/zad3/zad3.v Line: 98
Info (286030): Timing-Driven Synthesis is running
Info (16010): Generating hard_block partition "hard_block:auto_generated_inst"
    Info (16011): Adding 0 node(s), including 0 DDIO, 0 PLL, 0 transceiver and 0 LCELL
Warning (21074): Design contains 6 input pin(s) that do not drive logic
    Warning (15610): No output dependent on input pin "CLOCK2_50" File: /home/maciej/Pulpit/FPGA/l4/zad3/zad3.v Line: 9
    Warning (15610): No output dependent on input pin "CLOCK3_50" File: /home/maciej/Pulpit/FPGA/l4/zad3/zad3.v Line: 10
    Warning (15610): No output dependent on input pin "CLOCK4_50" File: /home/maciej/Pulpit/FPGA/l4/zad3/zad3.v Line: 11
    Warning (15610): No output dependent on input pin "KEY[3]" File: /home/maciej/Pulpit/FPGA/l4/zad3/zad3.v Line: 23
    Warning (15610): No output dependent on input pin "SW[8]" File: /home/maciej/Pulpit/FPGA/l4/zad3/zad3.v Line: 27
    Warning (15610): No output dependent on input pin "SW[9]" File: /home/maciej/Pulpit/FPGA/l4/zad3/zad3.v Line: 27
Info (21057): Implemented 197 device resources after synthesis - the final resource count might be different
    Info (21058): Implemented 18 input pins
    Info (21059): Implemented 42 output pins
    Info (21061): Implemented 137 logic cells
Info: Quartus Prime Analysis & Synthesis was successful. 0 errors, 15 warnings
    Info: Peak virtual memory: 1026 megabytes
    Info: Processing ended: Tue Nov  5 15:59:40 2019
    Info: Elapsed time: 00:00:08
    Info: Total CPU time (on all processors): 00:00:20


