Analysis & Synthesis report for zad2
Sat Nov 16 21:43:52 2019
Quartus Prime Version 19.1.0 Build 670 09/22/2019 SJ Lite Edition


---------------------
; Table of Contents ;
---------------------
  1. Legal Notice
  2. Analysis & Synthesis Summary
  3. Analysis & Synthesis Settings
  4. Parallel Compilation
  5. Analysis & Synthesis Source Files Read
  6. Analysis & Synthesis Resource Usage Summary
  7. Analysis & Synthesis Resource Utilization by Entity
  8. Analysis & Synthesis RAM Summary
  9. Analysis & Synthesis DSP Block Usage Summary
 10. State Machine - |zad2|_final_state_machine:mach|state
 11. Registers Removed During Synthesis
 12. Removed Registers Triggering Further Register Optimizations
 13. General Register Statistics
 14. Registers Packed Into Inferred Megafunctions
 15. Multiplexer Restructuring Statistics (Restructuring Performed)
 16. Source assignments for stack:stack0|_ram:mem|altsyncram:mem_rtl_0|altsyncram_ubn1:auto_generated
 17. Parameter Settings for Inferred Entity Instance: stack:stack0|_ram:mem|altsyncram:mem_rtl_0
 18. altsyncram Parameter Settings by Entity Instance
 19. Post-Synthesis Netlist Statistics for Top Partition
 20. Elapsed Time Per Partition
 21. Analysis & Synthesis Messages
 22. Analysis & Synthesis Suppressed Messages



----------------
; Legal Notice ;
----------------
Copyright (C) 2019  Intel Corporation. All rights reserved.
Your use of Intel Corporation's design tools, logic functions 
and other software and tools, and any partner logic 
functions, and any output files from any of the foregoing 
(including device programming or simulation files), and any 
associated documentation or information are expressly subject 
to the terms and conditions of the Intel Program License 
Subscription Agreement, the Intel Quartus Prime License Agreement,
the Intel FPGA IP License Agreement, or other applicable license
agreement, including, without limitation, that your use is for
the sole purpose of programming logic devices manufactured by
Intel and sold by Intel or its authorized distributors.  Please
refer to the applicable agreement for further details, at
https://fpgasoftware.intel.com/eula.



+-------------------------------------------------------------------------------+
; Analysis & Synthesis Summary                                                  ;
+---------------------------------+---------------------------------------------+
; Analysis & Synthesis Status     ; Successful - Sat Nov 16 21:43:52 2019       ;
; Quartus Prime Version           ; 19.1.0 Build 670 09/22/2019 SJ Lite Edition ;
; Revision Name                   ; zad2                                        ;
; Top-level Entity Name           ; zad2                                        ;
; Family                          ; Cyclone V                                   ;
; Logic utilization (in ALMs)     ; N/A                                         ;
; Total registers                 ; 84                                          ;
; Total pins                      ; 70                                          ;
; Total virtual pins              ; 0                                           ;
; Total block memory bits         ; 16,384                                      ;
; Total DSP Blocks                ; 1                                           ;
; Total HSSI RX PCSs              ; 0                                           ;
; Total HSSI PMA RX Deserializers ; 0                                           ;
; Total HSSI TX PCSs              ; 0                                           ;
; Total HSSI PMA TX Serializers   ; 0                                           ;
; Total PLLs                      ; 0                                           ;
; Total DLLs                      ; 0                                           ;
+---------------------------------+---------------------------------------------+


+---------------------------------------------------------------------------------------------------------------------------+
; Analysis & Synthesis Settings                                                                                             ;
+---------------------------------------------------------------------------------+--------------------+--------------------+
; Option                                                                          ; Setting            ; Default Value      ;
+---------------------------------------------------------------------------------+--------------------+--------------------+
; Device                                                                          ; 5CSEMA5F31C6       ;                    ;
; Top-level entity name                                                           ; zad2               ; zad2               ;
; Family name                                                                     ; Cyclone V          ; Cyclone V          ;
; Use smart compilation                                                           ; Off                ; Off                ;
; Enable parallel Assembler and Timing Analyzer during compilation                ; On                 ; On                 ;
; Enable compact report table                                                     ; Off                ; Off                ;
; Restructure Multiplexers                                                        ; Auto               ; Auto               ;
; MLAB Add Timing Constraints For Mixed-Port Feed-Through Mode Setting Don't Care ; Off                ; Off                ;
; Create Debugging Nodes for IP Cores                                             ; Off                ; Off                ;
; Preserve fewer node names                                                       ; On                 ; On                 ;
; Intel FPGA IP Evaluation Mode                                                   ; Enable             ; Enable             ;
; Verilog Version                                                                 ; Verilog_2001       ; Verilog_2001       ;
; VHDL Version                                                                    ; VHDL_1993          ; VHDL_1993          ;
; State Machine Processing                                                        ; Auto               ; Auto               ;
; Safe State Machine                                                              ; Off                ; Off                ;
; Extract Verilog State Machines                                                  ; On                 ; On                 ;
; Extract VHDL State Machines                                                     ; On                 ; On                 ;
; Ignore Verilog initial constructs                                               ; Off                ; Off                ;
; Iteration limit for constant Verilog loops                                      ; 5000               ; 5000               ;
; Iteration limit for non-constant Verilog loops                                  ; 250                ; 250                ;
; Add Pass-Through Logic to Inferred RAMs                                         ; On                 ; On                 ;
; Infer RAMs from Raw Logic                                                       ; On                 ; On                 ;
; Parallel Synthesis                                                              ; On                 ; On                 ;
; DSP Block Balancing                                                             ; Auto               ; Auto               ;
; NOT Gate Push-Back                                                              ; On                 ; On                 ;
; Power-Up Don't Care                                                             ; On                 ; On                 ;
; Remove Redundant Logic Cells                                                    ; Off                ; Off                ;
; Remove Duplicate Registers                                                      ; On                 ; On                 ;
; Ignore CARRY Buffers                                                            ; Off                ; Off                ;
; Ignore CASCADE Buffers                                                          ; Off                ; Off                ;
; Ignore GLOBAL Buffers                                                           ; Off                ; Off                ;
; Ignore ROW GLOBAL Buffers                                                       ; Off                ; Off                ;
; Ignore LCELL Buffers                                                            ; Off                ; Off                ;
; Ignore SOFT Buffers                                                             ; On                 ; On                 ;
; Limit AHDL Integers to 32 Bits                                                  ; Off                ; Off                ;
; Optimization Technique                                                          ; Balanced           ; Balanced           ;
; Carry Chain Length                                                              ; 70                 ; 70                 ;
; Auto Carry Chains                                                               ; On                 ; On                 ;
; Auto Open-Drain Pins                                                            ; On                 ; On                 ;
; Perform WYSIWYG Primitive Resynthesis                                           ; Off                ; Off                ;
; Auto ROM Replacement                                                            ; On                 ; On                 ;
; Auto RAM Replacement                                                            ; On                 ; On                 ;
; Auto DSP Block Replacement                                                      ; On                 ; On                 ;
; Auto Shift Register Replacement                                                 ; Auto               ; Auto               ;
; Allow Shift Register Merging across Hierarchies                                 ; Auto               ; Auto               ;
; Auto Clock Enable Replacement                                                   ; On                 ; On                 ;
; Strict RAM Replacement                                                          ; Off                ; Off                ;
; Allow Synchronous Control Signals                                               ; On                 ; On                 ;
; Force Use of Synchronous Clear Signals                                          ; Off                ; Off                ;
; Auto Resource Sharing                                                           ; Off                ; Off                ;
; Allow Any RAM Size For Recognition                                              ; Off                ; Off                ;
; Allow Any ROM Size For Recognition                                              ; Off                ; Off                ;
; Allow Any Shift Register Size For Recognition                                   ; Off                ; Off                ;
; Use LogicLock Constraints during Resource Balancing                             ; On                 ; On                 ;
; Ignore translate_off and synthesis_off directives                               ; Off                ; Off                ;
; Timing-Driven Synthesis                                                         ; On                 ; On                 ;
; Report Parameter Settings                                                       ; On                 ; On                 ;
; Report Source Assignments                                                       ; On                 ; On                 ;
; Report Connectivity Checks                                                      ; On                 ; On                 ;
; Ignore Maximum Fan-Out Assignments                                              ; Off                ; Off                ;
; Synchronization Register Chain Length                                           ; 3                  ; 3                  ;
; Power Optimization During Synthesis                                             ; Normal compilation ; Normal compilation ;
; HDL message level                                                               ; Level2             ; Level2             ;
; Suppress Register Optimization Related Messages                                 ; Off                ; Off                ;
; Number of Removed Registers Reported in Synthesis Report                        ; 5000               ; 5000               ;
; Number of Swept Nodes Reported in Synthesis Report                              ; 5000               ; 5000               ;
; Number of Inverted Registers Reported in Synthesis Report                       ; 100                ; 100                ;
; Clock MUX Protection                                                            ; On                 ; On                 ;
; Auto Gated Clock Conversion                                                     ; Off                ; Off                ;
; Block Design Naming                                                             ; Auto               ; Auto               ;
; SDC constraint protection                                                       ; Off                ; Off                ;
; Synthesis Effort                                                                ; Auto               ; Auto               ;
; Shift Register Replacement - Allow Asynchronous Clear Signal                    ; On                 ; On                 ;
; Pre-Mapping Resynthesis Optimization                                            ; Off                ; Off                ;
; Analysis & Synthesis Message Level                                              ; Medium             ; Medium             ;
; Disable Register Merging Across Hierarchies                                     ; Auto               ; Auto               ;
; Resource Aware Inference For Block RAM                                          ; On                 ; On                 ;
; Automatic Parallel Synthesis                                                    ; On                 ; On                 ;
; Partial Reconfiguration Bitstream ID                                            ; Off                ; Off                ;
+---------------------------------------------------------------------------------+--------------------+--------------------+


+------------------------------------------+
; Parallel Compilation                     ;
+----------------------------+-------------+
; Processors                 ; Number      ;
+----------------------------+-------------+
; Number detected on machine ; 8           ;
; Maximum allowed            ; 4           ;
;                            ;             ;
; Average used               ; 1.00        ;
; Maximum used               ; 4           ;
;                            ;             ;
; Usage by Processor         ; % Time Used ;
;     Processor 1            ; 100.0%      ;
;     Processor 2            ;   0.0%      ;
;     Processors 3-4         ;   0.0%      ;
+----------------------------+-------------+


+--------------------------------------------------------------------------------------------------------------------------------------------------------------------------------------+
; Analysis & Synthesis Source Files Read                                                                                                                                               ;
+----------------------------------+-----------------+------------------------------+----------------------------------------------------------------------------------------+---------+
; File Name with User-Entered Path ; Used in Netlist ; File Type                    ; File Name with Absolute Path                                                           ; Library ;
+----------------------------------+-----------------+------------------------------+----------------------------------------------------------------------------------------+---------+
; ../../My_IP/PWMs.v               ; yes             ; User Verilog HDL File        ; /home/maciej/Pulpit/FPGA/My_IP/PWMs.v                                                  ;         ;
; zad2.v                           ; yes             ; User Verilog HDL File        ; /home/maciej/Pulpit/FPGA/l5/zad2/zad2.v                                                ;         ;
; ../zad1/stos.v                   ; yes             ; User Verilog HDL File        ; /home/maciej/Pulpit/FPGA/l5/zad1/stos.v                                                ;         ;
; altsyncram.tdf                   ; yes             ; Megafunction                 ; /home/maciej/intelFPGA_lite/19.1/quartus/libraries/megafunctions/altsyncram.tdf        ;         ;
; stratix_ram_block.inc            ; yes             ; Megafunction                 ; /home/maciej/intelFPGA_lite/19.1/quartus/libraries/megafunctions/stratix_ram_block.inc ;         ;
; lpm_mux.inc                      ; yes             ; Megafunction                 ; /home/maciej/intelFPGA_lite/19.1/quartus/libraries/megafunctions/lpm_mux.inc           ;         ;
; lpm_decode.inc                   ; yes             ; Megafunction                 ; /home/maciej/intelFPGA_lite/19.1/quartus/libraries/megafunctions/lpm_decode.inc        ;         ;
; aglobal191.inc                   ; yes             ; Megafunction                 ; /home/maciej/intelFPGA_lite/19.1/quartus/libraries/megafunctions/aglobal191.inc        ;         ;
; a_rdenreg.inc                    ; yes             ; Megafunction                 ; /home/maciej/intelFPGA_lite/19.1/quartus/libraries/megafunctions/a_rdenreg.inc         ;         ;
; altrom.inc                       ; yes             ; Megafunction                 ; /home/maciej/intelFPGA_lite/19.1/quartus/libraries/megafunctions/altrom.inc            ;         ;
; altram.inc                       ; yes             ; Megafunction                 ; /home/maciej/intelFPGA_lite/19.1/quartus/libraries/megafunctions/altram.inc            ;         ;
; altdpram.inc                     ; yes             ; Megafunction                 ; /home/maciej/intelFPGA_lite/19.1/quartus/libraries/megafunctions/altdpram.inc          ;         ;
; db/altsyncram_ubn1.tdf           ; yes             ; Auto-Generated Megafunction  ; /home/maciej/Pulpit/FPGA/l5/zad2/db/altsyncram_ubn1.tdf                                ;         ;
+----------------------------------+-----------------+------------------------------+----------------------------------------------------------------------------------------+---------+


+--------------------------------------------------------------+
; Analysis & Synthesis Resource Usage Summary                  ;
+---------------------------------------------+----------------+
; Resource                                    ; Usage          ;
+---------------------------------------------+----------------+
; Estimate of Logic utilization (ALMs needed) ; 81             ;
;                                             ;                ;
; Combinational ALUT usage for logic          ; 126            ;
;     -- 7 input functions                    ; 0              ;
;     -- 6 input functions                    ; 12             ;
;     -- 5 input functions                    ; 19             ;
;     -- 4 input functions                    ; 49             ;
;     -- <=3 input functions                  ; 46             ;
;                                             ;                ;
; Dedicated logic registers                   ; 84             ;
;                                             ;                ;
; I/O pins                                    ; 70             ;
; Total MLAB memory bits                      ; 0              ;
; Total block memory bits                     ; 16384          ;
;                                             ;                ;
; Total DSP Blocks                            ; 1              ;
;                                             ;                ;
; Maximum fan-out node                        ; CLOCK_50~input ;
; Maximum fan-out                             ; 100            ;
; Total fan-out                               ; 1285           ;
; Average fan-out                             ; 3.50           ;
+---------------------------------------------+----------------+


+-------------------------------------------------------------------------------------------------------------------------------------------------------------------------------------------------------------------------------------------------------------------------------+
; Analysis & Synthesis Resource Utilization by Entity                                                                                                                                                                                                                           ;
+----------------------------------------------+---------------------+---------------------------+-------------------+------------+------+--------------+---------------------------------------------------------------------------------+----------------------+--------------+
; Compilation Hierarchy Node                   ; Combinational ALUTs ; Dedicated Logic Registers ; Block Memory Bits ; DSP Blocks ; Pins ; Virtual Pins ; Full Hierarchy Name                                                             ; Entity Name          ; Library Name ;
+----------------------------------------------+---------------------+---------------------------+-------------------+------------+------+--------------+---------------------------------------------------------------------------------+----------------------+--------------+
; |zad2                                        ; 126 (4)             ; 84 (28)                   ; 16384             ; 1          ; 70   ; 0            ; |zad2                                                                           ; zad2                 ; work         ;
;    |_HEX_screen:s0|                          ; 7 (7)               ; 0 (0)                     ; 0                 ; 0          ; 0    ; 0            ; |zad2|_HEX_screen:s0                                                            ; _HEX_screen          ; work         ;
;    |_HEX_screen:s1|                          ; 7 (7)               ; 0 (0)                     ; 0                 ; 0          ; 0    ; 0            ; |zad2|_HEX_screen:s1                                                            ; _HEX_screen          ; work         ;
;    |_HEX_screen:s2|                          ; 7 (7)               ; 0 (0)                     ; 0                 ; 0          ; 0    ; 0            ; |zad2|_HEX_screen:s2                                                            ; _HEX_screen          ; work         ;
;    |_HEX_screen:s3|                          ; 7 (7)               ; 0 (0)                     ; 0                 ; 0          ; 0    ; 0            ; |zad2|_HEX_screen:s3                                                            ; _HEX_screen          ; work         ;
;    |_HEX_screen:s4|                          ; 7 (7)               ; 0 (0)                     ; 0                 ; 0          ; 0    ; 0            ; |zad2|_HEX_screen:s4                                                            ; _HEX_screen          ; work         ;
;    |_HEX_screen:s5|                          ; 7 (7)               ; 0 (0)                     ; 0                 ; 0          ; 0    ; 0            ; |zad2|_HEX_screen:s5                                                            ; _HEX_screen          ; work         ;
;    |_edge_detector:det0|                     ; 1 (1)               ; 2 (2)                     ; 0                 ; 0          ; 0    ; 0            ; |zad2|_edge_detector:det0                                                       ; _edge_detector       ; work         ;
;    |_edge_detector:det1|                     ; 1 (1)               ; 2 (2)                     ; 0                 ; 0          ; 0    ; 0            ; |zad2|_edge_detector:det1                                                       ; _edge_detector       ; work         ;
;    |_edge_detector:det2|                     ; 1 (1)               ; 2 (2)                     ; 0                 ; 0          ; 0    ; 0            ; |zad2|_edge_detector:det2                                                       ; _edge_detector       ; work         ;
;    |_final_state_machine:mach|               ; 45 (45)             ; 24 (24)                   ; 0                 ; 1          ; 0    ; 0            ; |zad2|_final_state_machine:mach                                                 ; _final_state_machine ; work         ;
;    |stack:stack0|                            ; 32 (22)             ; 26 (26)                   ; 16384             ; 0          ; 0    ; 0            ; |zad2|stack:stack0                                                              ; stack                ; work         ;
;       |_ram:mem|                             ; 10 (10)             ; 0 (0)                     ; 16384             ; 0          ; 0    ; 0            ; |zad2|stack:stack0|_ram:mem                                                     ; _ram                 ; work         ;
;          |altsyncram:mem_rtl_0|              ; 0 (0)               ; 0 (0)                     ; 16384             ; 0          ; 0    ; 0            ; |zad2|stack:stack0|_ram:mem|altsyncram:mem_rtl_0                                ; altsyncram           ; work         ;
;             |altsyncram_ubn1:auto_generated| ; 0 (0)               ; 0 (0)                     ; 16384             ; 0          ; 0    ; 0            ; |zad2|stack:stack0|_ram:mem|altsyncram:mem_rtl_0|altsyncram_ubn1:auto_generated ; altsyncram_ubn1      ; work         ;
+----------------------------------------------+---------------------+---------------------------+-------------------+------------+------+--------------+---------------------------------------------------------------------------------+----------------------+--------------+
Note: For table entries with two numbers listed, the numbers in parentheses indicate the number of resources of the given type used by the specific entity alone. The numbers listed outside of parentheses indicate the total resources of the given type used by the specific entity and all of its sub-entities in the hierarchy.


+-------------------------------------------------------------------------------------------------------------------------------------------------------------------------------------------+
; Analysis & Synthesis RAM Summary                                                                                                                                                          ;
+--------------------------------------------------------------------------------------+------+------------------+--------------+--------------+--------------+--------------+-------+------+
; Name                                                                                 ; Type ; Mode             ; Port A Depth ; Port A Width ; Port B Depth ; Port B Width ; Size  ; MIF  ;
+--------------------------------------------------------------------------------------+------+------------------+--------------+--------------+--------------+--------------+-------+------+
; stack:stack0|_ram:mem|altsyncram:mem_rtl_0|altsyncram_ubn1:auto_generated|ALTSYNCRAM ; AUTO ; Simple Dual Port ; 1024         ; 16           ; 1024         ; 16           ; 16384 ; None ;
+--------------------------------------------------------------------------------------+------+------------------+--------------+--------------+--------------+--------------+-------+------+


+-----------------------------------------------+
; Analysis & Synthesis DSP Block Usage Summary  ;
+---------------------------------+-------------+
; Statistic                       ; Number Used ;
+---------------------------------+-------------+
; Two Independent 18x18           ; 1           ;
; Total number of DSP blocks      ; 1           ;
;                                 ;             ;
; Fixed Point Unsigned Multiplier ; 1           ;
+---------------------------------+-------------+


Encoding Type:  One-Hot
+-----------------------------------------------------------------------------------------------+
; State Machine - |zad2|_final_state_machine:mach|state                                         ;
+-----------+-----------+-----------+-----------+-----------+-----------+-----------+-----------+
; Name      ; state.110 ; state.101 ; state.100 ; state.011 ; state.010 ; state.001 ; state.000 ;
+-----------+-----------+-----------+-----------+-----------+-----------+-----------+-----------+
; state.000 ; 0         ; 0         ; 0         ; 0         ; 0         ; 0         ; 0         ;
; state.001 ; 0         ; 0         ; 0         ; 0         ; 0         ; 1         ; 1         ;
; state.010 ; 0         ; 0         ; 0         ; 0         ; 1         ; 0         ; 1         ;
; state.011 ; 0         ; 0         ; 0         ; 1         ; 0         ; 0         ; 1         ;
; state.100 ; 0         ; 0         ; 1         ; 0         ; 0         ; 0         ; 1         ;
; state.101 ; 0         ; 1         ; 0         ; 0         ; 0         ; 0         ; 1         ;
; state.110 ; 1         ; 0         ; 0         ; 0         ; 0         ; 0         ; 1         ;
+-----------+-----------+-----------+-----------+-----------+-----------+-----------+-----------+


+---------------------------------------------------------------------------------+
; Registers Removed During Synthesis                                              ;
+----------------------------------------+----------------------------------------+
; Register name                          ; Reason for Removal                     ;
+----------------------------------------+----------------------------------------+
; sw0[10..15]                            ; Stuck at GND due to stuck port data_in ;
; sw1[10..15]                            ; Stuck at GND due to stuck port data_in ;
; _final_state_machine:mach|state~8      ; Lost fanout                            ;
; _final_state_machine:mach|state~9      ; Lost fanout                            ;
; _final_state_machine:mach|state~10     ; Lost fanout                            ;
; Total Number of Removed Registers = 15 ;                                        ;
+----------------------------------------+----------------------------------------+


+------------------------------------------------------------------------------------+
; Removed Registers Triggering Further Register Optimizations                        ;
+---------------+---------------------------+----------------------------------------+
; Register name ; Reason for Removal        ; Registers Removed due to This Register ;
+---------------+---------------------------+----------------------------------------+
; sw0[10]       ; Stuck at GND              ; sw1[10]                                ;
;               ; due to stuck port data_in ;                                        ;
; sw0[11]       ; Stuck at GND              ; sw1[11]                                ;
;               ; due to stuck port data_in ;                                        ;
; sw0[12]       ; Stuck at GND              ; sw1[12]                                ;
;               ; due to stuck port data_in ;                                        ;
; sw0[13]       ; Stuck at GND              ; sw1[13]                                ;
;               ; due to stuck port data_in ;                                        ;
; sw0[14]       ; Stuck at GND              ; sw1[14]                                ;
;               ; due to stuck port data_in ;                                        ;
; sw0[15]       ; Stuck at GND              ; sw1[15]                                ;
;               ; due to stuck port data_in ;                                        ;
+---------------+---------------------------+----------------------------------------+


+------------------------------------------------------+
; General Register Statistics                          ;
+----------------------------------------------+-------+
; Statistic                                    ; Value ;
+----------------------------------------------+-------+
; Total registers                              ; 84    ;
; Number of registers using Synchronous Clear  ; 0     ;
; Number of registers using Synchronous Load   ; 16    ;
; Number of registers using Asynchronous Clear ; 50    ;
; Number of registers using Asynchronous Load  ; 0     ;
; Number of registers using Clock Enable       ; 44    ;
; Number of registers using Preset             ; 0     ;
+----------------------------------------------+-------+


+-------------------------------------------------------------------------+
; Registers Packed Into Inferred Megafunctions                            ;
+--------------------------------+---------------------------------+------+
; Register Name                  ; Megafunction                    ; Type ;
+--------------------------------+---------------------------------+------+
; stack:stack0|_ram:mem|q[0..15] ; stack:stack0|_ram:mem|mem_rtl_0 ; RAM  ;
+--------------------------------+---------------------------------+------+


+---------------------------------------------------------------------------------------------------------------------------------------------------------+
; Multiplexer Restructuring Statistics (Restructuring Performed)                                                                                          ;
+--------------------+-----------+---------------+----------------------+------------------------+------------+-------------------------------------------+
; Multiplexer Inputs ; Bus Width ; Baseline Area ; Area if Restructured ; Saving if Restructured ; Registered ; Example Multiplexer Output                ;
+--------------------+-----------+---------------+----------------------+------------------------+------------+-------------------------------------------+
; 3:1                ; 16 bits   ; 32 LEs        ; 0 LEs                ; 32 LEs                 ; Yes        ; |zad2|stack:stack0|top[5]                 ;
; 3:1                ; 10 bits   ; 20 LEs        ; 0 LEs                ; 20 LEs                 ; Yes        ; |zad2|stack:stack0|pointer[7]             ;
; 6:1                ; 6 bits    ; 24 LEs        ; 12 LEs               ; 12 LEs                 ; Yes        ; |zad2|_final_state_machine:mach|inner[15] ;
; 6:1                ; 10 bits   ; 40 LEs        ; 20 LEs               ; 20 LEs                 ; Yes        ; |zad2|_final_state_machine:mach|inner[5]  ;
; 10:1               ; 6 bits    ; 36 LEs        ; 36 LEs               ; 0 LEs                  ; No         ; |zad2|_final_state_machine:mach|state     ;
+--------------------+-----------+---------------+----------------------+------------------------+------------+-------------------------------------------+


+--------------------------------------------------------------------------------------------------+
; Source assignments for stack:stack0|_ram:mem|altsyncram:mem_rtl_0|altsyncram_ubn1:auto_generated ;
+---------------------------------+--------------------+------+------------------------------------+
; Assignment                      ; Value              ; From ; To                                 ;
+---------------------------------+--------------------+------+------------------------------------+
; OPTIMIZE_POWER_DURING_SYNTHESIS ; NORMAL_COMPILATION ; -    ; -                                  ;
+---------------------------------+--------------------+------+------------------------------------+


+---------------------------------------------------------------------------------------------+
; Parameter Settings for Inferred Entity Instance: stack:stack0|_ram:mem|altsyncram:mem_rtl_0 ;
+------------------------------------+----------------------+---------------------------------+
; Parameter Name                     ; Value                ; Type                            ;
+------------------------------------+----------------------+---------------------------------+
; BYTE_SIZE_BLOCK                    ; 8                    ; Untyped                         ;
; AUTO_CARRY_CHAINS                  ; ON                   ; AUTO_CARRY                      ;
; IGNORE_CARRY_BUFFERS               ; OFF                  ; IGNORE_CARRY                    ;
; AUTO_CASCADE_CHAINS                ; ON                   ; AUTO_CASCADE                    ;
; IGNORE_CASCADE_BUFFERS             ; OFF                  ; IGNORE_CASCADE                  ;
; WIDTH_BYTEENA                      ; 1                    ; Untyped                         ;
; OPERATION_MODE                     ; DUAL_PORT            ; Untyped                         ;
; WIDTH_A                            ; 16                   ; Untyped                         ;
; WIDTHAD_A                          ; 10                   ; Untyped                         ;
; NUMWORDS_A                         ; 1024                 ; Untyped                         ;
; OUTDATA_REG_A                      ; UNREGISTERED         ; Untyped                         ;
; ADDRESS_ACLR_A                     ; NONE                 ; Untyped                         ;
; OUTDATA_ACLR_A                     ; NONE                 ; Untyped                         ;
; WRCONTROL_ACLR_A                   ; NONE                 ; Untyped                         ;
; INDATA_ACLR_A                      ; NONE                 ; Untyped                         ;
; BYTEENA_ACLR_A                     ; NONE                 ; Untyped                         ;
; WIDTH_B                            ; 16                   ; Untyped                         ;
; WIDTHAD_B                          ; 10                   ; Untyped                         ;
; NUMWORDS_B                         ; 1024                 ; Untyped                         ;
; INDATA_REG_B                       ; CLOCK1               ; Untyped                         ;
; WRCONTROL_WRADDRESS_REG_B          ; CLOCK1               ; Untyped                         ;
; RDCONTROL_REG_B                    ; CLOCK1               ; Untyped                         ;
; ADDRESS_REG_B                      ; CLOCK0               ; Untyped                         ;
; OUTDATA_REG_B                      ; UNREGISTERED         ; Untyped                         ;
; BYTEENA_REG_B                      ; CLOCK1               ; Untyped                         ;
; INDATA_ACLR_B                      ; NONE                 ; Untyped                         ;
; WRCONTROL_ACLR_B                   ; NONE                 ; Untyped                         ;
; ADDRESS_ACLR_B                     ; NONE                 ; Untyped                         ;
; OUTDATA_ACLR_B                     ; NONE                 ; Untyped                         ;
; RDCONTROL_ACLR_B                   ; NONE                 ; Untyped                         ;
; BYTEENA_ACLR_B                     ; NONE                 ; Untyped                         ;
; WIDTH_BYTEENA_A                    ; 1                    ; Untyped                         ;
; WIDTH_BYTEENA_B                    ; 1                    ; Untyped                         ;
; RAM_BLOCK_TYPE                     ; AUTO                 ; Untyped                         ;
; BYTE_SIZE                          ; 8                    ; Untyped                         ;
; READ_DURING_WRITE_MODE_MIXED_PORTS ; OLD_DATA             ; Untyped                         ;
; READ_DURING_WRITE_MODE_PORT_A      ; NEW_DATA_NO_NBE_READ ; Untyped                         ;
; READ_DURING_WRITE_MODE_PORT_B      ; NEW_DATA_NO_NBE_READ ; Untyped                         ;
; INIT_FILE                          ; UNUSED               ; Untyped                         ;
; INIT_FILE_LAYOUT                   ; PORT_A               ; Untyped                         ;
; MAXIMUM_DEPTH                      ; 0                    ; Untyped                         ;
; CLOCK_ENABLE_INPUT_A               ; NORMAL               ; Untyped                         ;
; CLOCK_ENABLE_INPUT_B               ; NORMAL               ; Untyped                         ;
; CLOCK_ENABLE_OUTPUT_A              ; NORMAL               ; Untyped                         ;
; CLOCK_ENABLE_OUTPUT_B              ; NORMAL               ; Untyped                         ;
; CLOCK_ENABLE_CORE_A                ; USE_INPUT_CLKEN      ; Untyped                         ;
; CLOCK_ENABLE_CORE_B                ; USE_INPUT_CLKEN      ; Untyped                         ;
; ENABLE_ECC                         ; FALSE                ; Untyped                         ;
; ECC_PIPELINE_STAGE_ENABLED         ; FALSE                ; Untyped                         ;
; WIDTH_ECCSTATUS                    ; 3                    ; Untyped                         ;
; DEVICE_FAMILY                      ; Cyclone V            ; Untyped                         ;
; CBXI_PARAMETER                     ; altsyncram_ubn1      ; Untyped                         ;
+------------------------------------+----------------------+---------------------------------+
Note: In order to hide this table in the UI and the text report file, please set the "Show Parameter Settings in Synthesis Report" option in "Analysis and Synthesis Settings -> More Settings" to "Off".


+----------------------------------------------------------------------------------------+
; altsyncram Parameter Settings by Entity Instance                                       ;
+-------------------------------------------+--------------------------------------------+
; Name                                      ; Value                                      ;
+-------------------------------------------+--------------------------------------------+
; Number of entity instances                ; 1                                          ;
; Entity Instance                           ; stack:stack0|_ram:mem|altsyncram:mem_rtl_0 ;
;     -- OPERATION_MODE                     ; DUAL_PORT                                  ;
;     -- WIDTH_A                            ; 16                                         ;
;     -- NUMWORDS_A                         ; 1024                                       ;
;     -- OUTDATA_REG_A                      ; UNREGISTERED                               ;
;     -- WIDTH_B                            ; 16                                         ;
;     -- NUMWORDS_B                         ; 1024                                       ;
;     -- ADDRESS_REG_B                      ; CLOCK0                                     ;
;     -- OUTDATA_REG_B                      ; UNREGISTERED                               ;
;     -- RAM_BLOCK_TYPE                     ; AUTO                                       ;
;     -- READ_DURING_WRITE_MODE_MIXED_PORTS ; OLD_DATA                                   ;
+-------------------------------------------+--------------------------------------------+


+-----------------------------------------------------+
; Post-Synthesis Netlist Statistics for Top Partition ;
+-----------------------+-----------------------------+
; Type                  ; Count                       ;
+-----------------------+-----------------------------+
; arriav_ff             ; 84                          ;
;     CLR               ; 6                           ;
;     ENA CLR           ; 28                          ;
;     ENA CLR SLD       ; 16                          ;
;     plain             ; 34                          ;
; arriav_lcell_comb     ; 133                         ;
;     arith             ; 36                          ;
;         1 data inputs ; 11                          ;
;         2 data inputs ; 16                          ;
;         4 data inputs ; 2                           ;
;         5 data inputs ; 7                           ;
;     normal            ; 97                          ;
;         0 data inputs ; 1                           ;
;         1 data inputs ; 11                          ;
;         2 data inputs ; 9                           ;
;         3 data inputs ; 5                           ;
;         4 data inputs ; 47                          ;
;         5 data inputs ; 12                          ;
;         6 data inputs ; 12                          ;
; arriav_mac            ; 1                           ;
; boundary_port         ; 70                          ;
; stratixv_ram_block    ; 16                          ;
;                       ;                             ;
; Max LUT depth         ; 3.80                        ;
; Average LUT depth     ; 1.90                        ;
+-----------------------+-----------------------------+


+-------------------------------+
; Elapsed Time Per Partition    ;
+----------------+--------------+
; Partition Name ; Elapsed Time ;
+----------------+--------------+
; Top            ; 00:00:00     ;
+----------------+--------------+


+-------------------------------+
; Analysis & Synthesis Messages ;
+-------------------------------+
Info: *******************************************************************
Info: Running Quartus Prime Analysis & Synthesis
    Info: Version 19.1.0 Build 670 09/22/2019 SJ Lite Edition
    Info: Processing started: Sat Nov 16 21:43:44 2019
Info: Command: quartus_map --read_settings_files=on --write_settings_files=off zad2 -c zad2
Warning (18236): Number of processors has not been specified which may cause overloading on shared machines.  Set the global assignment NUM_PARALLEL_PROCESSORS in your QSF to an appropriate value for best performance.
Info (20030): Parallel compilation is enabled and will use 4 of the 4 processors detected
Info (12021): Found 3 design units, including 3 entities, in source file /home/maciej/Pulpit/FPGA/My_IP/PWMs.v
    Info (12023): Found entity 1: _PWM_SAW File: /home/maciej/Pulpit/FPGA/My_IP/PWMs.v Line: 1
    Info (12023): Found entity 2: _PWM_UP_and_DOWN File: /home/maciej/Pulpit/FPGA/My_IP/PWMs.v Line: 19
    Info (12023): Found entity 3: _edge_detector File: /home/maciej/Pulpit/FPGA/My_IP/PWMs.v Line: 41
Info (12021): Found 1 design units, including 1 entities, in source file zad2.v
    Info (12023): Found entity 1: zad2 File: /home/maciej/Pulpit/FPGA/l5/zad2/zad2.v Line: 6
Info (12021): Found 4 design units, including 4 entities, in source file /home/maciej/Pulpit/FPGA/l5/zad1/stos.v
    Info (12023): Found entity 1: _ram File: /home/maciej/Pulpit/FPGA/l5/zad1/stos.v Line: 1
    Info (12023): Found entity 2: stack File: /home/maciej/Pulpit/FPGA/l5/zad1/stos.v Line: 11
    Info (12023): Found entity 3: _HEX_screen File: /home/maciej/Pulpit/FPGA/l5/zad1/stos.v Line: 36
    Info (12023): Found entity 4: _final_state_machine File: /home/maciej/Pulpit/FPGA/l5/zad1/stos.v Line: 60
Warning (10236): Verilog HDL Implicit Net warning at zad2.v(57): created implicit net for "push" File: /home/maciej/Pulpit/FPGA/l5/zad2/zad2.v Line: 57
Warning (10236): Verilog HDL Implicit Net warning at zad2.v(57): created implicit net for "pop" File: /home/maciej/Pulpit/FPGA/l5/zad2/zad2.v Line: 57
Warning (10236): Verilog HDL Implicit Net warning at zad2.v(57): created implicit net for "write" File: /home/maciej/Pulpit/FPGA/l5/zad2/zad2.v Line: 57
Info (12127): Elaborating entity "zad2" for the top level hierarchy
Warning (10034): Output port "LEDR[9..2]" at zad2.v(26) has no driver File: /home/maciej/Pulpit/FPGA/l5/zad2/zad2.v Line: 26
Info (12128): Elaborating entity "_edge_detector" for hierarchy "_edge_detector:det0" File: /home/maciej/Pulpit/FPGA/l5/zad2/zad2.v Line: 55
Info (12128): Elaborating entity "stack" for hierarchy "stack:stack0" File: /home/maciej/Pulpit/FPGA/l5/zad2/zad2.v Line: 57
Warning (10230): Verilog HDL assignment warning at stos.v(16): truncated value with size 32 to match size of target (1) File: /home/maciej/Pulpit/FPGA/l5/zad1/stos.v Line: 16
Warning (10230): Verilog HDL assignment warning at stos.v(17): truncated value with size 32 to match size of target (1) File: /home/maciej/Pulpit/FPGA/l5/zad1/stos.v Line: 17
Warning (10230): Verilog HDL assignment warning at stos.v(25): truncated value with size 32 to match size of target (10) File: /home/maciej/Pulpit/FPGA/l5/zad1/stos.v Line: 25
Warning (10230): Verilog HDL assignment warning at stos.v(30): truncated value with size 32 to match size of target (10) File: /home/maciej/Pulpit/FPGA/l5/zad1/stos.v Line: 30
Info (12128): Elaborating entity "_ram" for hierarchy "stack:stack0|_ram:mem" File: /home/maciej/Pulpit/FPGA/l5/zad1/stos.v Line: 15
Info (12128): Elaborating entity "_final_state_machine" for hierarchy "_final_state_machine:mach" File: /home/maciej/Pulpit/FPGA/l5/zad2/zad2.v Line: 62
Warning (10230): Verilog HDL assignment warning at stos.v(64): truncated value with size 32 to match size of target (1) File: /home/maciej/Pulpit/FPGA/l5/zad1/stos.v Line: 64
Warning (10230): Verilog HDL assignment warning at stos.v(65): truncated value with size 32 to match size of target (1) File: /home/maciej/Pulpit/FPGA/l5/zad1/stos.v Line: 65
Warning (10230): Verilog HDL assignment warning at stos.v(66): truncated value with size 32 to match size of target (1) File: /home/maciej/Pulpit/FPGA/l5/zad1/stos.v Line: 66
Info (12128): Elaborating entity "_HEX_screen" for hierarchy "_HEX_screen:s5" File: /home/maciej/Pulpit/FPGA/l5/zad2/zad2.v Line: 64
Info (19000): Inferred 1 megafunctions from design logic
    Info (276029): Inferred altsyncram megafunction from the following design logic: "stack:stack0|_ram:mem|mem_rtl_0" 
        Info (286033): Parameter OPERATION_MODE set to DUAL_PORT
        Info (286033): Parameter WIDTH_A set to 16
        Info (286033): Parameter WIDTHAD_A set to 10
        Info (286033): Parameter NUMWORDS_A set to 1024
        Info (286033): Parameter WIDTH_B set to 16
        Info (286033): Parameter WIDTHAD_B set to 10
        Info (286033): Parameter NUMWORDS_B set to 1024
        Info (286033): Parameter ADDRESS_ACLR_A set to NONE
        Info (286033): Parameter OUTDATA_REG_B set to UNREGISTERED
        Info (286033): Parameter ADDRESS_ACLR_B set to NONE
        Info (286033): Parameter OUTDATA_ACLR_B set to NONE
        Info (286033): Parameter ADDRESS_REG_B set to CLOCK0
        Info (286033): Parameter INDATA_ACLR_A set to NONE
        Info (286033): Parameter WRCONTROL_ACLR_A set to NONE
        Info (286033): Parameter READ_DURING_WRITE_MODE_MIXED_PORTS set to OLD_DATA
Info (12130): Elaborated megafunction instantiation "stack:stack0|_ram:mem|altsyncram:mem_rtl_0"
Info (12133): Instantiated megafunction "stack:stack0|_ram:mem|altsyncram:mem_rtl_0" with the following parameter:
    Info (12134): Parameter "OPERATION_MODE" = "DUAL_PORT"
    Info (12134): Parameter "WIDTH_A" = "16"
    Info (12134): Parameter "WIDTHAD_A" = "10"
    Info (12134): Parameter "NUMWORDS_A" = "1024"
    Info (12134): Parameter "WIDTH_B" = "16"
    Info (12134): Parameter "WIDTHAD_B" = "10"
    Info (12134): Parameter "NUMWORDS_B" = "1024"
    Info (12134): Parameter "ADDRESS_ACLR_A" = "NONE"
    Info (12134): Parameter "OUTDATA_REG_B" = "UNREGISTERED"
    Info (12134): Parameter "ADDRESS_ACLR_B" = "NONE"
    Info (12134): Parameter "OUTDATA_ACLR_B" = "NONE"
    Info (12134): Parameter "ADDRESS_REG_B" = "CLOCK0"
    Info (12134): Parameter "INDATA_ACLR_A" = "NONE"
    Info (12134): Parameter "WRCONTROL_ACLR_A" = "NONE"
    Info (12134): Parameter "READ_DURING_WRITE_MODE_MIXED_PORTS" = "OLD_DATA"
Info (12021): Found 1 design units, including 1 entities, in source file db/altsyncram_ubn1.tdf
    Info (12023): Found entity 1: altsyncram_ubn1 File: /home/maciej/Pulpit/FPGA/l5/zad2/db/altsyncram_ubn1.tdf Line: 28
Warning (13024): Output pins are stuck at VCC or GND
    Warning (13410): Pin "LEDR[2]" is stuck at GND File: /home/maciej/Pulpit/FPGA/l5/zad2/zad2.v Line: 26
    Warning (13410): Pin "LEDR[3]" is stuck at GND File: /home/maciej/Pulpit/FPGA/l5/zad2/zad2.v Line: 26
    Warning (13410): Pin "LEDR[4]" is stuck at GND File: /home/maciej/Pulpit/FPGA/l5/zad2/zad2.v Line: 26
    Warning (13410): Pin "LEDR[5]" is stuck at GND File: /home/maciej/Pulpit/FPGA/l5/zad2/zad2.v Line: 26
    Warning (13410): Pin "LEDR[6]" is stuck at GND File: /home/maciej/Pulpit/FPGA/l5/zad2/zad2.v Line: 26
    Warning (13410): Pin "LEDR[7]" is stuck at GND File: /home/maciej/Pulpit/FPGA/l5/zad2/zad2.v Line: 26
    Warning (13410): Pin "LEDR[8]" is stuck at GND File: /home/maciej/Pulpit/FPGA/l5/zad2/zad2.v Line: 26
    Warning (13410): Pin "LEDR[9]" is stuck at GND File: /home/maciej/Pulpit/FPGA/l5/zad2/zad2.v Line: 26
Info (286030): Timing-Driven Synthesis is running
Info (17049): 3 registers lost all their fanouts during netlist optimizations.
Info (144001): Generated suppressed messages file /home/maciej/Pulpit/FPGA/l5/zad2/zad2.map.smsg
Info (16010): Generating hard_block partition "hard_block:auto_generated_inst"
    Info (16011): Adding 0 node(s), including 0 DDIO, 0 PLL, 0 transceiver and 0 LCELL
Warning (21074): Design contains 3 input pin(s) that do not drive logic
    Warning (15610): No output dependent on input pin "CLOCK2_50" File: /home/maciej/Pulpit/FPGA/l5/zad2/zad2.v Line: 9
    Warning (15610): No output dependent on input pin "CLOCK3_50" File: /home/maciej/Pulpit/FPGA/l5/zad2/zad2.v Line: 10
    Warning (15610): No output dependent on input pin "CLOCK4_50" File: /home/maciej/Pulpit/FPGA/l5/zad2/zad2.v Line: 11
Info (21057): Implemented 261 device resources after synthesis - the final resource count might be different
    Info (21058): Implemented 18 input pins
    Info (21059): Implemented 52 output pins
    Info (21061): Implemented 174 logic cells
    Info (21064): Implemented 16 RAM segments
    Info (21062): Implemented 1 DSP elements
Info: Quartus Prime Analysis & Synthesis was successful. 0 errors, 25 warnings
    Info: Peak virtual memory: 1065 megabytes
    Info: Processing ended: Sat Nov 16 21:43:52 2019
    Info: Elapsed time: 00:00:08
    Info: Total CPU time (on all processors): 00:00:21


+------------------------------------------+
; Analysis & Synthesis Suppressed Messages ;
+------------------------------------------+
The suppressed messages can be found in /home/maciej/Pulpit/FPGA/l5/zad2/zad2.map.smsg.


