#! /usr/bin/vvp
:ivl_version "10.2 (stable)";
:ivl_delay_selection "TYPICAL";
:vpi_time_precision + 0;
:vpi_module "system";
:vpi_module "vhdl_sys";
:vpi_module "v2005_math";
:vpi_module "va_math";
S_0x55936f828ff0 .scope module, "benchmark" "benchmark" 2 14;
 .timescale 0 0;
v0x55936f84f620_0 .var "in", 15 0;
v0x55936f84f710_0 .net "o", 3 0, L_0x55936f850c10;  1 drivers
v0x55936f84f7e0_0 .net "valid", 0 0, L_0x55936f852160;  1 drivers
S_0x55936f81ebb0 .scope module, "test_sub" "enkoder" 2 18, 2 1 0, S_0x55936f828ff0;
 .timescale 0 0;
    .port_info 0 /OUTPUT 4 "out"
    .port_info 1 /OUTPUT 1 "valid"
    .port_info 2 /INPUT 16 "bus"
P_0x55936f823c50 .param/l "n" 0 2 1, +C4<00000000000000000000000000000100>;
v0x55936f84f180_0 .net "bus", 15 0, v0x55936f84f620_0;  1 drivers
v0x55936f84f280 .array "inner_bus", 0 3;
v0x55936f84f280_0 .net v0x55936f84f280 0, 8 0, L_0x55936f852610; 1 drivers
v0x55936f84f280_1 .net v0x55936f84f280 1, 8 0, L_0x55936f8523e0; 1 drivers
v0x55936f84f280_2 .net v0x55936f84f280 2, 8 0, L_0x55936f852250; 1 drivers
v0x55936f84f280_3 .net v0x55936f84f280 3, 8 0, L_0x55936f84fb00; 1 drivers
v0x55936f84f3f0_0 .net "out", 3 0, L_0x55936f850c10;  alias, 1 drivers
v0x55936f84f4e0_0 .net "valid", 0 0, L_0x55936f852160;  alias, 1 drivers
L_0x55936f84fbf0 .part v0x55936f84f620_0, 8, 8;
L_0x55936f84ffb0 .part v0x55936f84f620_0, 4, 4;
L_0x55936f850170 .part v0x55936f84f620_0, 12, 4;
L_0x55936f8504d0 .part v0x55936f84f620_0, 2, 2;
L_0x55936f8506c0 .part v0x55936f84f620_0, 6, 2;
L_0x55936f850880 .part v0x55936f84f620_0, 10, 2;
L_0x55936f850a50 .part v0x55936f84f620_0, 14, 2;
L_0x55936f850c10 .concat8 [ 1 1 1 1], L_0x55936f850ee0, L_0x55936f8503b0, L_0x55936f84fec0, L_0x55936f84f9e0;
L_0x55936f851020 .part v0x55936f84f620_0, 1, 1;
L_0x55936f8511b0 .part v0x55936f84f620_0, 3, 1;
L_0x55936f851350 .part v0x55936f84f620_0, 5, 1;
L_0x55936f851510 .part v0x55936f84f620_0, 7, 1;
L_0x55936f851740 .part v0x55936f84f620_0, 9, 1;
L_0x55936f851900 .part v0x55936f84f620_0, 11, 1;
L_0x55936f851b40 .part v0x55936f84f620_0, 13, 1;
L_0x55936f851d00 .part v0x55936f84f620_0, 15, 1;
L_0x55936f852160 .reduce/or v0x55936f84f620_0;
S_0x55936f82be00 .scope generate, "genblk1[0]" "genblk1[0]" 2 6, 2 6 0, S_0x55936f81ebb0;
 .timescale 0 0;
P_0x55936f8219b0 .param/l "i" 0 2 6, +C4<00>;
v0x55936f84c190_0 .net *"_s2", 7 0, L_0x55936f850e40;  1 drivers
v0x55936f84c290_0 .net *"_s4", 0 0, L_0x55936f850ee0;  1 drivers
L_0x55936f850e40 .part L_0x55936f852610, 0, 8;
L_0x55936f850ee0 .reduce/or L_0x55936f850e40;
S_0x55936f82bf80 .scope generate, "genblk2[0]" "genblk2[0]" 2 7, 2 7 0, S_0x55936f82be00;
 .timescale 0 0;
P_0x55936f8261c0 .param/l "j" 0 2 7, +C4<00>;
v0x55936f825190_0 .net *"_s3", 0 0, L_0x55936f851020;  1 drivers
v0x55936f824570_0 .net *"_s5", 0 0, L_0x55936f8510c0;  1 drivers
o0x7f76a5a34078 .functor BUFZ 1, C4<z>; HiZ drive
; Elide local net with no drivers, v0x55936f81d040_0 name=_s8
L_0x55936f8510c0 .reduce/or L_0x55936f851020;
LS_0x55936f852610_0_0 .concat [ 1 1 1 1], L_0x55936f8510c0, L_0x55936f8512b0, L_0x55936f8513f0, L_0x55936f851620;
LS_0x55936f852610_0_4 .concat [ 1 1 1 1], L_0x55936f8517e0, L_0x55936f851a20, L_0x55936f851be0, L_0x55936f852040;
LS_0x55936f852610_0_8 .concat [ 1 0 0 0], o0x7f76a5a34078;
L_0x55936f852610 .concat [ 4 4 1 0], LS_0x55936f852610_0_0, LS_0x55936f852610_0_4, LS_0x55936f852610_0_8;
S_0x55936f84a660 .scope generate, "genblk2[1]" "genblk2[1]" 2 7, 2 7 0, S_0x55936f82be00;
 .timescale 0 0;
P_0x55936f820d90 .param/l "j" 0 2 7, +C4<01>;
v0x55936f8213e0_0 .net *"_s3", 0 0, L_0x55936f8511b0;  1 drivers
v0x55936f8207c0_0 .net *"_s5", 0 0, L_0x55936f8512b0;  1 drivers
L_0x55936f8512b0 .reduce/or L_0x55936f8511b0;
S_0x55936f84a8f0 .scope generate, "genblk2[2]" "genblk2[2]" 2 7, 2 7 0, S_0x55936f82be00;
 .timescale 0 0;
P_0x55936f81e2d0 .param/l "j" 0 2 7, +C4<010>;
v0x55936f81d220_0 .net *"_s3", 0 0, L_0x55936f851350;  1 drivers
v0x55936f81cf00_0 .net *"_s5", 0 0, L_0x55936f8513f0;  1 drivers
L_0x55936f8513f0 .reduce/or L_0x55936f851350;
S_0x55936f84ab60 .scope generate, "genblk2[3]" "genblk2[3]" 2 7, 2 7 0, S_0x55936f82be00;
 .timescale 0 0;
P_0x55936f84ad00 .param/l "j" 0 2 7, +C4<011>;
v0x55936f84ade0_0 .net *"_s3", 0 0, L_0x55936f851510;  1 drivers
v0x55936f84aec0_0 .net *"_s5", 0 0, L_0x55936f851620;  1 drivers
L_0x55936f851620 .reduce/or L_0x55936f851510;
S_0x55936f84af80 .scope generate, "genblk2[4]" "genblk2[4]" 2 7, 2 7 0, S_0x55936f82be00;
 .timescale 0 0;
P_0x55936f84b1c0 .param/l "j" 0 2 7, +C4<0100>;
v0x55936f84b2a0_0 .net *"_s3", 0 0, L_0x55936f851740;  1 drivers
v0x55936f84b380_0 .net *"_s5", 0 0, L_0x55936f8517e0;  1 drivers
L_0x55936f8517e0 .reduce/or L_0x55936f851740;
S_0x55936f84b440 .scope generate, "genblk2[5]" "genblk2[5]" 2 7, 2 7 0, S_0x55936f82be00;
 .timescale 0 0;
P_0x55936f84b630 .param/l "j" 0 2 7, +C4<0101>;
v0x55936f84b710_0 .net *"_s3", 0 0, L_0x55936f851900;  1 drivers
v0x55936f84b7f0_0 .net *"_s5", 0 0, L_0x55936f851a20;  1 drivers
L_0x55936f851a20 .reduce/or L_0x55936f851900;
S_0x55936f84b8b0 .scope generate, "genblk2[6]" "genblk2[6]" 2 7, 2 7 0, S_0x55936f82be00;
 .timescale 0 0;
P_0x55936f84baa0 .param/l "j" 0 2 7, +C4<0110>;
v0x55936f84bb80_0 .net *"_s3", 0 0, L_0x55936f851b40;  1 drivers
v0x55936f84bc60_0 .net *"_s5", 0 0, L_0x55936f851be0;  1 drivers
L_0x55936f851be0 .reduce/or L_0x55936f851b40;
S_0x55936f84bd20 .scope generate, "genblk2[7]" "genblk2[7]" 2 7, 2 7 0, S_0x55936f82be00;
 .timescale 0 0;
P_0x55936f84bf10 .param/l "j" 0 2 7, +C4<0111>;
v0x55936f84bff0_0 .net *"_s3", 0 0, L_0x55936f851d00;  1 drivers
v0x55936f84c0d0_0 .net *"_s5", 0 0, L_0x55936f852040;  1 drivers
L_0x55936f852040 .reduce/or L_0x55936f851d00;
S_0x55936f84c350 .scope generate, "genblk1[1]" "genblk1[1]" 2 6, 2 6 0, S_0x55936f81ebb0;
 .timescale 0 0;
P_0x55936f84c560 .param/l "i" 0 2 6, +C4<01>;
v0x55936f84d880_0 .net *"_s2", 3 0, L_0x55936f8502e0;  1 drivers
v0x55936f84d980_0 .net *"_s4", 0 0, L_0x55936f8503b0;  1 drivers
L_0x55936f8502e0 .part L_0x55936f8523e0, 0, 4;
L_0x55936f8503b0 .reduce/or L_0x55936f8502e0;
S_0x55936f84c620 .scope generate, "genblk2[0]" "genblk2[0]" 2 7, 2 7 0, S_0x55936f84c350;
 .timescale 0 0;
P_0x55936f84c810 .param/l "j" 0 2 7, +C4<00>;
v0x55936f84c8f0_0 .net *"_s3", 1 0, L_0x55936f8504d0;  1 drivers
v0x55936f84c9d0_0 .net *"_s5", 0 0, L_0x55936f8505a0;  1 drivers
o0x7f76a5a34408 .functor BUFZ 5, C4<zzzzz>; HiZ drive
; Elide local net with no drivers, v0x55936f84ca90_0 name=_s8
L_0x55936f8505a0 .reduce/or L_0x55936f8504d0;
LS_0x55936f8523e0_0_0 .concat [ 1 1 1 1], L_0x55936f8505a0, L_0x55936f850760, L_0x55936f850960, L_0x55936f850af0;
LS_0x55936f8523e0_0_4 .concat [ 5 0 0 0], o0x7f76a5a34408;
L_0x55936f8523e0 .concat [ 4 5 0 0], LS_0x55936f8523e0_0_0, LS_0x55936f8523e0_0_4;
S_0x55936f84cb50 .scope generate, "genblk2[1]" "genblk2[1]" 2 7, 2 7 0, S_0x55936f84c350;
 .timescale 0 0;
P_0x55936f84cd60 .param/l "j" 0 2 7, +C4<01>;
v0x55936f84ce20_0 .net *"_s3", 1 0, L_0x55936f8506c0;  1 drivers
v0x55936f84cf00_0 .net *"_s5", 0 0, L_0x55936f850760;  1 drivers
L_0x55936f850760 .reduce/or L_0x55936f8506c0;
S_0x55936f84cfc0 .scope generate, "genblk2[2]" "genblk2[2]" 2 7, 2 7 0, S_0x55936f84c350;
 .timescale 0 0;
P_0x55936f84d1b0 .param/l "j" 0 2 7, +C4<010>;
v0x55936f84d270_0 .net *"_s3", 1 0, L_0x55936f850880;  1 drivers
v0x55936f84d350_0 .net *"_s5", 0 0, L_0x55936f850960;  1 drivers
L_0x55936f850960 .reduce/or L_0x55936f850880;
S_0x55936f84d410 .scope generate, "genblk2[3]" "genblk2[3]" 2 7, 2 7 0, S_0x55936f84c350;
 .timescale 0 0;
P_0x55936f84d600 .param/l "j" 0 2 7, +C4<011>;
v0x55936f84d6e0_0 .net *"_s3", 1 0, L_0x55936f850a50;  1 drivers
v0x55936f84d7c0_0 .net *"_s5", 0 0, L_0x55936f850af0;  1 drivers
L_0x55936f850af0 .reduce/or L_0x55936f850a50;
S_0x55936f84da40 .scope generate, "genblk1[2]" "genblk1[2]" 2 6, 2 6 0, S_0x55936f81ebb0;
 .timescale 0 0;
P_0x55936f84dc30 .param/l "i" 0 2 6, +C4<010>;
v0x55936f84e6c0_0 .net *"_s2", 1 0, L_0x55936f84fe20;  1 drivers
v0x55936f84e7c0_0 .net *"_s4", 0 0, L_0x55936f84fec0;  1 drivers
L_0x55936f84fe20 .part L_0x55936f852250, 0, 2;
L_0x55936f84fec0 .reduce/or L_0x55936f84fe20;
S_0x55936f84dcf0 .scope generate, "genblk2[0]" "genblk2[0]" 2 7, 2 7 0, S_0x55936f84da40;
 .timescale 0 0;
P_0x55936f84dee0 .param/l "j" 0 2 7, +C4<00>;
v0x55936f84dfc0_0 .net *"_s3", 3 0, L_0x55936f84ffb0;  1 drivers
v0x55936f84e0a0_0 .net *"_s5", 0 0, L_0x55936f850050;  1 drivers
o0x7f76a5a34618 .functor BUFZ 7, C4<zzzzzzz>; HiZ drive
; Elide local net with no drivers, v0x55936f84e160_0 name=_s8
L_0x55936f850050 .reduce/or L_0x55936f84ffb0;
L_0x55936f852250 .concat [ 1 1 7 0], L_0x55936f850050, L_0x55936f850210, o0x7f76a5a34618;
S_0x55936f84e250 .scope generate, "genblk2[1]" "genblk2[1]" 2 7, 2 7 0, S_0x55936f84da40;
 .timescale 0 0;
P_0x55936f84e460 .param/l "j" 0 2 7, +C4<01>;
v0x55936f84e520_0 .net *"_s3", 3 0, L_0x55936f850170;  1 drivers
v0x55936f84e600_0 .net *"_s5", 0 0, L_0x55936f850210;  1 drivers
L_0x55936f850210 .reduce/or L_0x55936f850170;
S_0x55936f84e880 .scope generate, "genblk1[3]" "genblk1[3]" 2 6, 2 6 0, S_0x55936f81ebb0;
 .timescale 0 0;
P_0x55936f84ea70 .param/l "i" 0 2 6, +C4<011>;
v0x55936f84efc0_0 .net *"_s2", 0 0, L_0x55936f84f8e0;  1 drivers
v0x55936f84f0c0_0 .net *"_s4", 0 0, L_0x55936f84f9e0;  1 drivers
L_0x55936f84f8e0 .part L_0x55936f84fb00, 0, 1;
L_0x55936f84f9e0 .reduce/or L_0x55936f84f8e0;
S_0x55936f84eb50 .scope generate, "genblk2[0]" "genblk2[0]" 2 7, 2 7 0, S_0x55936f84e880;
 .timescale 0 0;
P_0x55936f84ed40 .param/l "j" 0 2 7, +C4<00>;
v0x55936f84ee20_0 .net *"_s3", 7 0, L_0x55936f84fbf0;  1 drivers
v0x55936f84ef00_0 .net *"_s5", 0 0, L_0x55936f84fce0;  1 drivers
L_0x55936f84fb00 .part/pv L_0x55936f84fce0, 0, 1, 9;
L_0x55936f84fce0 .reduce/or L_0x55936f84fbf0;
    .scope S_0x55936f828ff0;
T_0 ;
    %delay 1, 0;
    %pushi/vec4 0, 0, 16;
    %store/vec4 v0x55936f84f620_0, 0, 16;
    %pushi/vec4 16, 0, 32;
T_0.0 %dup/vec4;
    %pushi/vec4 0, 0, 32;
    %cmp/s;
    %jmp/1xz T_0.1, 5;
    %jmp/1 T_0.1, 4;
    %pushi/vec4 1, 0, 32;
    %sub;
    %delay 1, 0;
    %load/vec4 v0x55936f84f620_0;
    %addi 1, 0, 16;
    %store/vec4 v0x55936f84f620_0, 0, 16;
    %jmp T_0.0;
T_0.1 ;
    %pop/vec4 1;
    %delay 1, 0;
    %vpi_call 2 24 "$finish" {0 0 0};
    %end;
    .thread T_0;
    .scope S_0x55936f828ff0;
T_1 ;
    %vpi_call 2 26 "$monitor", $time, "in=%b o=%b valid=%d", v0x55936f84f620_0, v0x55936f84f710_0, v0x55936f84f7e0_0 {0 0 0};
    %end;
    .thread T_1;
# The file index is used to find the file name in the following table.
:file_names 3;
    "N/A";
    "<interactive>";
    "z3.v";
