Analysis & Synthesis report for zad4
Wed Feb 26 01:05:24 2020
Quartus Prime Version 19.1.0 Build 670 09/22/2019 SJ Lite Edition


---------------------
; Table of Contents ;
---------------------
  1. Legal Notice
  2. Analysis & Synthesis Summary
  3. Analysis & Synthesis Settings
  4. Parallel Compilation
  5. Analysis & Synthesis Source Files Read
  6. Analysis & Synthesis Resource Usage Summary
  7. Analysis & Synthesis Resource Utilization by Entity
  8. Registers Removed During Synthesis
  9. General Register Statistics
 10. Multiplexer Restructuring Statistics (Restructuring Performed)
 11. Parameter Settings for User Entity Instance: _PWM_SAW:comb_3
 12. Port Connectivity Checks: "_PWM_SAW:comb_3"
 13. Post-Synthesis Netlist Statistics for Top Partition
 14. Elapsed Time Per Partition
 15. Analysis & Synthesis Messages
 16. Analysis & Synthesis Suppressed Messages



----------------
; Legal Notice ;
----------------
Copyright (C) 2019  Intel Corporation. All rights reserved.
Your use of Intel Corporation's design tools, logic functions 
and other software and tools, and any partner logic 
functions, and any output files from any of the foregoing 
(including device programming or simulation files), and any 
associated documentation or information are expressly subject 
to the terms and conditions of the Intel Program License 
Subscription Agreement, the Intel Quartus Prime License Agreement,
the Intel FPGA IP License Agreement, or other applicable license
agreement, including, without limitation, that your use is for
the sole purpose of programming logic devices manufactured by
Intel and sold by Intel or its authorized distributors.  Please
refer to the applicable agreement for further details, at
https://fpgasoftware.intel.com/eula.



+-------------------------------------------------------------------------------+
; Analysis & Synthesis Summary                                                  ;
+---------------------------------+---------------------------------------------+
; Analysis & Synthesis Status     ; Successful - Wed Feb 26 01:05:24 2020       ;
; Quartus Prime Version           ; 19.1.0 Build 670 09/22/2019 SJ Lite Edition ;
; Revision Name                   ; zad4                                        ;
; Top-level Entity Name           ; zad4                                        ;
; Family                          ; Cyclone V                                   ;
; Logic utilization (in ALMs)     ; N/A                                         ;
; Total registers                 ; 78                                          ;
; Total pins                      ; 14                                          ;
; Total virtual pins              ; 0                                           ;
; Total block memory bits         ; 0                                           ;
; Total DSP Blocks                ; 0                                           ;
; Total HSSI RX PCSs              ; 0                                           ;
; Total HSSI PMA RX Deserializers ; 0                                           ;
; Total HSSI TX PCSs              ; 0                                           ;
; Total HSSI PMA TX Serializers   ; 0                                           ;
; Total PLLs                      ; 0                                           ;
; Total DLLs                      ; 0                                           ;
+---------------------------------+---------------------------------------------+


+---------------------------------------------------------------------------------------------------------------------------+
; Analysis & Synthesis Settings                                                                                             ;
+---------------------------------------------------------------------------------+--------------------+--------------------+
; Option                                                                          ; Setting            ; Default Value      ;
+---------------------------------------------------------------------------------+--------------------+--------------------+
; Device                                                                          ; 5CSEMA5F31C6       ;                    ;
; Top-level entity name                                                           ; zad4               ; zad4               ;
; Family name                                                                     ; Cyclone V          ; Cyclone V          ;
; Use smart compilation                                                           ; Off                ; Off                ;
; Enable parallel Assembler and Timing Analyzer during compilation                ; On                 ; On                 ;
; Enable compact report table                                                     ; Off                ; Off                ;
; Restructure Multiplexers                                                        ; Auto               ; Auto               ;
; MLAB Add Timing Constraints For Mixed-Port Feed-Through Mode Setting Don't Care ; Off                ; Off                ;
; Create Debugging Nodes for IP Cores                                             ; Off                ; Off                ;
; Preserve fewer node names                                                       ; On                 ; On                 ;
; Intel FPGA IP Evaluation Mode                                                   ; Enable             ; Enable             ;
; Verilog Version                                                                 ; Verilog_2001       ; Verilog_2001       ;
; VHDL Version                                                                    ; VHDL_1993          ; VHDL_1993          ;
; State Machine Processing                                                        ; Auto               ; Auto               ;
; Safe State Machine                                                              ; Off                ; Off                ;
; Extract Verilog State Machines                                                  ; On                 ; On                 ;
; Extract VHDL State Machines                                                     ; On                 ; On                 ;
; Ignore Verilog initial constructs                                               ; Off                ; Off                ;
; Iteration limit for constant Verilog loops                                      ; 5000               ; 5000               ;
; Iteration limit for non-constant Verilog loops                                  ; 250                ; 250                ;
; Add Pass-Through Logic to Inferred RAMs                                         ; On                 ; On                 ;
; Infer RAMs from Raw Logic                                                       ; On                 ; On                 ;
; Parallel Synthesis                                                              ; On                 ; On                 ;
; DSP Block Balancing                                                             ; Auto               ; Auto               ;
; NOT Gate Push-Back                                                              ; On                 ; On                 ;
; Power-Up Don't Care                                                             ; On                 ; On                 ;
; Remove Redundant Logic Cells                                                    ; Off                ; Off                ;
; Remove Duplicate Registers                                                      ; On                 ; On                 ;
; Ignore CARRY Buffers                                                            ; Off                ; Off                ;
; Ignore CASCADE Buffers                                                          ; Off                ; Off                ;
; Ignore GLOBAL Buffers                                                           ; Off                ; Off                ;
; Ignore ROW GLOBAL Buffers                                                       ; Off                ; Off                ;
; Ignore LCELL Buffers                                                            ; Off                ; Off                ;
; Ignore SOFT Buffers                                                             ; On                 ; On                 ;
; Limit AHDL Integers to 32 Bits                                                  ; Off                ; Off                ;
; Optimization Technique                                                          ; Balanced           ; Balanced           ;
; Carry Chain Length                                                              ; 70                 ; 70                 ;
; Auto Carry Chains                                                               ; On                 ; On                 ;
; Auto Open-Drain Pins                                                            ; On                 ; On                 ;
; Perform WYSIWYG Primitive Resynthesis                                           ; Off                ; Off                ;
; Auto ROM Replacement                                                            ; On                 ; On                 ;
; Auto RAM Replacement                                                            ; On                 ; On                 ;
; Auto DSP Block Replacement                                                      ; On                 ; On                 ;
; Auto Shift Register Replacement                                                 ; Auto               ; Auto               ;
; Allow Shift Register Merging across Hierarchies                                 ; Auto               ; Auto               ;
; Auto Clock Enable Replacement                                                   ; On                 ; On                 ;
; Strict RAM Replacement                                                          ; Off                ; Off                ;
; Allow Synchronous Control Signals                                               ; On                 ; On                 ;
; Force Use of Synchronous Clear Signals                                          ; Off                ; Off                ;
; Auto Resource Sharing                                                           ; Off                ; Off                ;
; Allow Any RAM Size For Recognition                                              ; Off                ; Off                ;
; Allow Any ROM Size For Recognition                                              ; Off                ; Off                ;
; Allow Any Shift Register Size For Recognition                                   ; Off                ; Off                ;
; Use LogicLock Constraints during Resource Balancing                             ; On                 ; On                 ;
; Ignore translate_off and synthesis_off directives                               ; Off                ; Off                ;
; Timing-Driven Synthesis                                                         ; On                 ; On                 ;
; Report Parameter Settings                                                       ; On                 ; On                 ;
; Report Source Assignments                                                       ; On                 ; On                 ;
; Report Connectivity Checks                                                      ; On                 ; On                 ;
; Ignore Maximum Fan-Out Assignments                                              ; Off                ; Off                ;
; Synchronization Register Chain Length                                           ; 3                  ; 3                  ;
; Power Optimization During Synthesis                                             ; Normal compilation ; Normal compilation ;
; HDL message level                                                               ; Level2             ; Level2             ;
; Suppress Register Optimization Related Messages                                 ; Off                ; Off                ;
; Number of Removed Registers Reported in Synthesis Report                        ; 5000               ; 5000               ;
; Number of Swept Nodes Reported in Synthesis Report                              ; 5000               ; 5000               ;
; Number of Inverted Registers Reported in Synthesis Report                       ; 100                ; 100                ;
; Clock MUX Protection                                                            ; On                 ; On                 ;
; Auto Gated Clock Conversion                                                     ; Off                ; Off                ;
; Block Design Naming                                                             ; Auto               ; Auto               ;
; SDC constraint protection                                                       ; Off                ; Off                ;
; Synthesis Effort                                                                ; Auto               ; Auto               ;
; Shift Register Replacement - Allow Asynchronous Clear Signal                    ; On                 ; On                 ;
; Pre-Mapping Resynthesis Optimization                                            ; Off                ; Off                ;
; Analysis & Synthesis Message Level                                              ; Medium             ; Medium             ;
; Disable Register Merging Across Hierarchies                                     ; Auto               ; Auto               ;
; Resource Aware Inference For Block RAM                                          ; On                 ; On                 ;
; Automatic Parallel Synthesis                                                    ; On                 ; On                 ;
; Partial Reconfiguration Bitstream ID                                            ; Off                ; Off                ;
+---------------------------------------------------------------------------------+--------------------+--------------------+


+------------------------------------------+
; Parallel Compilation                     ;
+----------------------------+-------------+
; Processors                 ; Number      ;
+----------------------------+-------------+
; Number detected on machine ; 16          ;
; Maximum allowed            ; 16          ;
;                            ;             ;
; Average used               ; 1.00        ;
; Maximum used               ; 16          ;
;                            ;             ;
; Usage by Processor         ; % Time Used ;
;     Processor 1            ; 100.0%      ;
;     Processors 2-16        ;   0.0%      ;
+----------------------------+-------------+


+------------------------------------------------------------------------------------------------------------------------------------+
; Analysis & Synthesis Source Files Read                                                                                             ;
+----------------------------------+-----------------+------------------------+--------------------------------------------+---------+
; File Name with User-Entered Path ; Used in Netlist ; File Type              ; File Name with Absolute Path               ; Library ;
+----------------------------------+-----------------+------------------------+--------------------------------------------+---------+
; ../../My_IP/PWMs.v               ; yes             ; User Verilog HDL File  ; /home/maciej/Pulpit/FPGA/My_IP/PWMs.v      ;         ;
; zad4.v                           ; yes             ; User Verilog HDL File  ; /home/maciej/Pulpit/FPGA/l4/zad4/zad4.v    ;         ;
; counter.v                        ; yes             ; User Verilog HDL File  ; /home/maciej/Pulpit/FPGA/l4/zad4/counter.v ;         ;
+----------------------------------+-----------------+------------------------+--------------------------------------------+---------+


+----------------------------------------------------------------------------+
; Analysis & Synthesis Resource Usage Summary                                ;
+---------------------------------------------+------------------------------+
; Resource                                    ; Usage                        ;
+---------------------------------------------+------------------------------+
; Estimate of Logic utilization (ALMs needed) ; 144                          ;
;                                             ;                              ;
; Combinational ALUT usage for logic          ; 226                          ;
;     -- 7 input functions                    ; 0                            ;
;     -- 6 input functions                    ; 60                           ;
;     -- 5 input functions                    ; 23                           ;
;     -- 4 input functions                    ; 68                           ;
;     -- <=3 input functions                  ; 75                           ;
;                                             ;                              ;
; Dedicated logic registers                   ; 78                           ;
;                                             ;                              ;
; I/O pins                                    ; 14                           ;
;                                             ;                              ;
; Total DSP Blocks                            ; 0                            ;
;                                             ;                              ;
; Maximum fan-out node                        ; _edge_detector:det0|was_edge ;
; Maximum fan-out                             ; 41                           ;
; Total fan-out                               ; 1146                         ;
; Average fan-out                             ; 3.45                         ;
+---------------------------------------------+------------------------------+


+---------------------------------------------------------------------------------------------------------------------------------------------------------------------------------------------------------------+
; Analysis & Synthesis Resource Utilization by Entity                                                                                                                                                           ;
+----------------------------------+---------------------+---------------------------+-------------------+------------+------+--------------+-----------------------------------+----------------+--------------+
; Compilation Hierarchy Node       ; Combinational ALUTs ; Dedicated Logic Registers ; Block Memory Bits ; DSP Blocks ; Pins ; Virtual Pins ; Full Hierarchy Name               ; Entity Name    ; Library Name ;
+----------------------------------+---------------------+---------------------------+-------------------+------------+------+--------------+-----------------------------------+----------------+--------------+
; |zad4                            ; 226 (0)             ; 78 (0)                    ; 0                 ; 0          ; 14   ; 0            ; |zad4                             ; zad4           ; work         ;
;    |_10Hz_CLOCK:clk0|            ; 35 (35)             ; 25 (25)                   ; 0                 ; 0          ; 0    ; 0            ; |zad4|_10Hz_CLOCK:clk0            ; _10Hz_CLOCK    ; work         ;
;    |_Cnt_to_Cmp:cmp_loop[0].cmp| ; 4 (4)               ; 0 (0)                     ; 0                 ; 0          ; 0    ; 0            ; |zad4|_Cnt_to_Cmp:cmp_loop[0].cmp ; _Cnt_to_Cmp    ; work         ;
;    |_Cnt_to_Cmp:cmp_loop[1].cmp| ; 4 (4)               ; 0 (0)                     ; 0                 ; 0          ; 0    ; 0            ; |zad4|_Cnt_to_Cmp:cmp_loop[1].cmp ; _Cnt_to_Cmp    ; work         ;
;    |_Cnt_to_Cmp:cmp_loop[2].cmp| ; 4 (4)               ; 0 (0)                     ; 0                 ; 0          ; 0    ; 0            ; |zad4|_Cnt_to_Cmp:cmp_loop[2].cmp ; _Cnt_to_Cmp    ; work         ;
;    |_Cnt_to_Cmp:cmp_loop[3].cmp| ; 4 (4)               ; 0 (0)                     ; 0                 ; 0          ; 0    ; 0            ; |zad4|_Cnt_to_Cmp:cmp_loop[3].cmp ; _Cnt_to_Cmp    ; work         ;
;    |_Cnt_to_Cmp:cmp_loop[4].cmp| ; 4 (4)               ; 0 (0)                     ; 0                 ; 0          ; 0    ; 0            ; |zad4|_Cnt_to_Cmp:cmp_loop[4].cmp ; _Cnt_to_Cmp    ; work         ;
;    |_Cnt_to_Cmp:cmp_loop[5].cmp| ; 4 (4)               ; 0 (0)                     ; 0                 ; 0          ; 0    ; 0            ; |zad4|_Cnt_to_Cmp:cmp_loop[5].cmp ; _Cnt_to_Cmp    ; work         ;
;    |_Cnt_to_Cmp:cmp_loop[6].cmp| ; 4 (4)               ; 0 (0)                     ; 0                 ; 0          ; 0    ; 0            ; |zad4|_Cnt_to_Cmp:cmp_loop[6].cmp ; _Cnt_to_Cmp    ; work         ;
;    |_Cnt_to_Cmp:cmp_loop[7].cmp| ; 4 (4)               ; 0 (0)                     ; 0                 ; 0          ; 0    ; 0            ; |zad4|_Cnt_to_Cmp:cmp_loop[7].cmp ; _Cnt_to_Cmp    ; work         ;
;    |_Cnt_to_Cmp:cmp_loop[8].cmp| ; 4 (4)               ; 0 (0)                     ; 0                 ; 0          ; 0    ; 0            ; |zad4|_Cnt_to_Cmp:cmp_loop[8].cmp ; _Cnt_to_Cmp    ; work         ;
;    |_Cnt_to_Cmp:cmp_loop[9].cmp| ; 4 (4)               ; 0 (0)                     ; 0                 ; 0          ; 0    ; 0            ; |zad4|_Cnt_to_Cmp:cmp_loop[9].cmp ; _Cnt_to_Cmp    ; work         ;
;    |_PWM_SAW:comb_3|             ; 82 (82)             ; 10 (10)                   ; 0                 ; 0          ; 0    ; 0            ; |zad4|_PWM_SAW:comb_3             ; _PWM_SAW       ; work         ;
;    |_UP_and_DOWN:slid0|          ; 68 (68)             ; 41 (41)                   ; 0                 ; 0          ; 0    ; 0            ; |zad4|_UP_and_DOWN:slid0          ; _UP_and_DOWN   ; work         ;
;    |_edge_detector:det0|         ; 1 (1)               ; 2 (2)                     ; 0                 ; 0          ; 0    ; 0            ; |zad4|_edge_detector:det0         ; _edge_detector ; work         ;
+----------------------------------+---------------------+---------------------------+-------------------+------------+------+--------------+-----------------------------------+----------------+--------------+
Note: For table entries with two numbers listed, the numbers in parentheses indicate the number of resources of the given type used by the specific entity alone. The numbers listed outside of parentheses indicate the total resources of the given type used by the specific entity and all of its sub-entities in the hierarchy.


+-------------------------------------------------------------------------------------+
; Registers Removed During Synthesis                                                  ;
+----------------------------------------+--------------------------------------------+
; Register name                          ; Reason for Removal                         ;
+----------------------------------------+--------------------------------------------+
; _UP_and_DOWN:slid0|counter[4,20,28,36] ; Merged with _UP_and_DOWN:slid0|counter[12] ;
; _UP_and_DOWN:slid0|counter[37]         ; Merged with _UP_and_DOWN:slid0|counter[1]  ;
; _UP_and_DOWN:slid0|counter[6]          ; Merged with _UP_and_DOWN:slid0|counter[34] ;
; _UP_and_DOWN:slid0|counter[8,16,24,32] ; Merged with _UP_and_DOWN:slid0|counter[0]  ;
; Total Number of Removed Registers = 10 ;                                            ;
+----------------------------------------+--------------------------------------------+


+------------------------------------------------------+
; General Register Statistics                          ;
+----------------------------------------------+-------+
; Statistic                                    ; Value ;
+----------------------------------------------+-------+
; Total registers                              ; 78    ;
; Number of registers using Synchronous Clear  ; 34    ;
; Number of registers using Synchronous Load   ; 0     ;
; Number of registers using Asynchronous Clear ; 0     ;
; Number of registers using Asynchronous Load  ; 0     ;
; Number of registers using Clock Enable       ; 0     ;
; Number of registers using Preset             ; 0     ;
+----------------------------------------------+-------+


+--------------------------------------------------------------------------------------------------------------------------------------------------+
; Multiplexer Restructuring Statistics (Restructuring Performed)                                                                                   ;
+--------------------+-----------+---------------+----------------------+------------------------+------------+------------------------------------+
; Multiplexer Inputs ; Bus Width ; Baseline Area ; Area if Restructured ; Saving if Restructured ; Registered ; Example Multiplexer Output         ;
+--------------------+-----------+---------------+----------------------+------------------------+------------+------------------------------------+
; 3:1                ; 7 bits    ; 14 LEs        ; 14 LEs               ; 0 LEs                  ; Yes        ; |zad4|_UP_and_DOWN:slid0|slider[7] ;
+--------------------+-----------+---------------+----------------------+------------------------+------------+------------------------------------+


+--------------------------------------------------------------+
; Parameter Settings for User Entity Instance: _PWM_SAW:comb_3 ;
+----------------+-------+-------------------------------------+
; Parameter Name ; Value ; Type                                ;
+----------------+-------+-------------------------------------+
; n              ; 10    ; Signed Integer                      ;
; m              ; 10    ; Signed Integer                      ;
+----------------+-------+-------------------------------------+
Note: In order to hide this table in the UI and the text report file, please set the "Show Parameter Settings in Synthesis Report" option in "Analysis and Synthesis Settings -> More Settings" to "Off".


+--------------------------------------------------------------------------------------------------------------------------------------------------------------------------------------------------------------------+
; Port Connectivity Checks: "_PWM_SAW:comb_3"                                                                                                                                                                        ;
+-----------+-------+----------+-------------------------------------------------------------------------------------------------------------------------------------------------------------------------------------+
; Port      ; Type  ; Severity ; Details                                                                                                                                                                             ;
+-----------+-------+----------+-------------------------------------------------------------------------------------------------------------------------------------------------------------------------------------+
; top       ; Input ; Warning  ; Input port expression (32 bits) is wider than the input port (10 bits) it drives.  The 22 most-significant bit(s) in the expression will be dangling if they have no other fanouts. ;
; top[9..0] ; Input ; Info     ; Stuck at VCC                                                                                                                                                                        ;
+-----------+-------+----------+-------------------------------------------------------------------------------------------------------------------------------------------------------------------------------------+


+-----------------------------------------------------+
; Post-Synthesis Netlist Statistics for Top Partition ;
+-----------------------+-----------------------------+
; Type                  ; Count                       ;
+-----------------------+-----------------------------+
; arriav_ff             ; 78                          ;
;     SCLR              ; 34                          ;
;     plain             ; 44                          ;
; arriav_lcell_comb     ; 226                         ;
;     arith             ; 34                          ;
;         1 data inputs ; 34                          ;
;     normal            ; 192                         ;
;         2 data inputs ; 4                           ;
;         3 data inputs ; 37                          ;
;         4 data inputs ; 68                          ;
;         5 data inputs ; 23                          ;
;         6 data inputs ; 60                          ;
; boundary_port         ; 14                          ;
;                       ;                             ;
; Max LUT depth         ; 4.00                        ;
; Average LUT depth     ; 2.93                        ;
+-----------------------+-----------------------------+


+-------------------------------+
; Elapsed Time Per Partition    ;
+----------------+--------------+
; Partition Name ; Elapsed Time ;
+----------------+--------------+
; Top            ; 00:00:00     ;
+----------------+--------------+


+-------------------------------+
; Analysis & Synthesis Messages ;
+-------------------------------+
Info: *******************************************************************
Info: Running Quartus Prime Analysis & Synthesis
    Info: Version 19.1.0 Build 670 09/22/2019 SJ Lite Edition
    Info: Processing started: Wed Feb 26 01:05:19 2020
Info: Command: quartus_map --read_settings_files=on --write_settings_files=off zad4 -c zad4
Warning (18236): Number of processors has not been specified which may cause overloading on shared machines.  Set the global assignment NUM_PARALLEL_PROCESSORS in your QSF to an appropriate value for best performance.
Info (20030): Parallel compilation is enabled and will use 16 of the 16 processors detected
Info (12021): Found 3 design units, including 3 entities, in source file /home/maciej/Pulpit/FPGA/My_IP/PWMs.v
    Info (12023): Found entity 1: _PWM_SAW File: /home/maciej/Pulpit/FPGA/My_IP/PWMs.v Line: 1
    Info (12023): Found entity 2: _PWM_UP_and_DOWN File: /home/maciej/Pulpit/FPGA/My_IP/PWMs.v Line: 19
    Info (12023): Found entity 3: _edge_detector File: /home/maciej/Pulpit/FPGA/My_IP/PWMs.v Line: 41
Warning (10463): Verilog HDL Declaration warning at zad4.v(26): "dist" is SystemVerilog-2005 keyword File: /home/maciej/Pulpit/FPGA/l4/zad4/zad4.v Line: 26
Info (12021): Found 1 design units, including 1 entities, in source file zad4.v
    Info (12023): Found entity 1: zad4 File: /home/maciej/Pulpit/FPGA/l4/zad4/zad4.v Line: 6
Info (12021): Found 3 design units, including 3 entities, in source file counter.v
    Info (12023): Found entity 1: _10Hz_CLOCK File: /home/maciej/Pulpit/FPGA/l4/zad4/counter.v Line: 1
    Info (12023): Found entity 2: _UP_and_DOWN File: /home/maciej/Pulpit/FPGA/l4/zad4/counter.v Line: 10
    Info (12023): Found entity 3: _Cnt_to_Cmp File: /home/maciej/Pulpit/FPGA/l4/zad4/counter.v Line: 36
Warning (10236): Verilog HDL Implicit Net warning at zad4.v(36): created implicit net for "_10Hz_CLOCK_edg" File: /home/maciej/Pulpit/FPGA/l4/zad4/zad4.v Line: 36
Critical Warning (10846): Verilog HDL Instantiation warning at zad4.v(48): instance has no name File: /home/maciej/Pulpit/FPGA/l4/zad4/zad4.v Line: 48
Info (12127): Elaborating entity "zad4" for the top level hierarchy
Info (12128): Elaborating entity "_10Hz_CLOCK" for hierarchy "_10Hz_CLOCK:clk0" File: /home/maciej/Pulpit/FPGA/l4/zad4/zad4.v Line: 34
Warning (10230): Verilog HDL assignment warning at counter.v(5): truncated value with size 32 to match size of target (24) File: /home/maciej/Pulpit/FPGA/l4/zad4/counter.v Line: 5
Warning (10230): Verilog HDL assignment warning at counter.v(6): truncated value with size 32 to match size of target (1) File: /home/maciej/Pulpit/FPGA/l4/zad4/counter.v Line: 6
Info (12128): Elaborating entity "_edge_detector" for hierarchy "_edge_detector:det0" File: /home/maciej/Pulpit/FPGA/l4/zad4/zad4.v Line: 36
Info (12128): Elaborating entity "_UP_and_DOWN" for hierarchy "_UP_and_DOWN:slid0" File: /home/maciej/Pulpit/FPGA/l4/zad4/zad4.v Line: 38
Info (10264): Verilog HDL Case Statement information at counter.v(20): all case item expressions in this case statement are onehot File: /home/maciej/Pulpit/FPGA/l4/zad4/counter.v Line: 20
Info (12128): Elaborating entity "_Cnt_to_Cmp" for hierarchy "_Cnt_to_Cmp:cmp_loop[0].cmp" File: /home/maciej/Pulpit/FPGA/l4/zad4/zad4.v Line: 43
Info (12128): Elaborating entity "_PWM_SAW" for hierarchy "_PWM_SAW:comb_3" File: /home/maciej/Pulpit/FPGA/l4/zad4/zad4.v Line: 48
Warning (10230): Verilog HDL assignment warning at PWMs.v(8): truncated value with size 32 to match size of target (10) File: /home/maciej/Pulpit/FPGA/My_IP/PWMs.v Line: 8
Warning (10230): Verilog HDL assignment warning at PWMs.v(14): truncated value with size 32 to match size of target (1) File: /home/maciej/Pulpit/FPGA/My_IP/PWMs.v Line: 14
Warning (12241): 1 hierarchies have connectivity warnings - see the Connectivity Checks report folder
Info (286030): Timing-Driven Synthesis is running
Info (144001): Generated suppressed messages file /home/maciej/Pulpit/FPGA/l4/zad4/zad4.map.smsg
Info (16010): Generating hard_block partition "hard_block:auto_generated_inst"
    Info (16011): Adding 0 node(s), including 0 DDIO, 0 PLL, 0 transceiver and 0 LCELL
Warning (21074): Design contains 3 input pin(s) that do not drive logic
    Warning (15610): No output dependent on input pin "CLOCK2_50" File: /home/maciej/Pulpit/FPGA/l4/zad4/zad4.v Line: 9
    Warning (15610): No output dependent on input pin "CLOCK3_50" File: /home/maciej/Pulpit/FPGA/l4/zad4/zad4.v Line: 10
    Warning (15610): No output dependent on input pin "CLOCK4_50" File: /home/maciej/Pulpit/FPGA/l4/zad4/zad4.v Line: 11
Info (21057): Implemented 241 device resources after synthesis - the final resource count might be different
    Info (21058): Implemented 4 input pins
    Info (21059): Implemented 10 output pins
    Info (21061): Implemented 227 logic cells
Info: Quartus Prime Analysis & Synthesis was successful. 0 errors, 13 warnings
    Info: Peak virtual memory: 1071 megabytes
    Info: Processing ended: Wed Feb 26 01:05:24 2020
    Info: Elapsed time: 00:00:05
    Info: Total CPU time (on all processors): 00:00:16


+------------------------------------------+
; Analysis & Synthesis Suppressed Messages ;
+------------------------------------------+
The suppressed messages can be found in /home/maciej/Pulpit/FPGA/l4/zad4/zad4.map.smsg.


